<?xml version="1.0" encoding="UTF-8"?>
<robot generator="Robot 3.1.2 (Python 3.7.6 on win32)" generated="20200521 21:54:22.414" rpa="false">
<suite id="s1" name="Citas" source="C:\Test_citas\test\citas.robot">
<test id="s1-t1" name="CC001 Citas (SISTEMA CITAS 004)(HAPPY PATH EXCEL)">
<kw name="Esperar Iniciar ok" library="recursos">
<arguments>
<arg>25</arg>
</arguments>
<kw name="Set Selenium Timeout" library="SeleniumLibrary">
<doc>Sets the timeout that is used by various keywords.</doc>
<arguments>
<arg>${arg1} seconds</arg>
</arguments>
<status status="PASS" starttime="20200521 21:54:24.028" endtime="20200521 21:54:24.028"></status>
</kw>
<status status="PASS" starttime="20200521 21:54:24.028" endtime="20200521 21:54:24.028"></status>
</kw>
<kw name="Citas paso_uno" library="casos">
<arguments>
<arg>${url}</arg>
<arg>${navegador}</arg>
</arguments>
<kw name="Esperar Iniciar Forzar" library="recursos">
<arguments>
<arg>10</arg>
</arguments>
<kw name="Set Selenium Implicit Wait" library="SeleniumLibrary">
<doc>Sets the implicit wait value used by Selenium.</doc>
<arguments>
<arg>${arg1} seconds</arg>
</arguments>
<status status="PASS" starttime="20200521 21:54:24.030" endtime="20200521 21:54:24.030"></status>
</kw>
<status status="PASS" starttime="20200521 21:54:24.030" endtime="20200521 21:54:24.030"></status>
</kw>
<kw name="Esperar Iniciar ok" library="recursos">
<arguments>
<arg>5</arg>
</arguments>
<kw name="Set Selenium Timeout" library="SeleniumLibrary">
<doc>Sets the timeout that is used by various keywords.</doc>
<arguments>
<arg>${arg1} seconds</arg>
</arguments>
<status status="PASS" starttime="20200521 21:54:24.031" endtime="20200521 21:54:24.031"></status>
</kw>
<status status="PASS" starttime="20200521 21:54:24.030" endtime="20200521 21:54:24.031"></status>
</kw>
<kw name="Dormir Todos" library="recursos">
<arguments>
<arg>${tiempo}</arg>
</arguments>
<kw name="Set Selenium Speed" library="SeleniumLibrary">
<doc>Sets the delay that is waited after each Selenium command.</doc>
<arguments>
<arg>${arg1} seconds</arg>
</arguments>
<status status="PASS" starttime="20200521 21:54:24.032" endtime="20200521 21:54:24.032"></status>
</kw>
<status status="PASS" starttime="20200521 21:54:24.031" endtime="20200521 21:54:24.032"></status>
</kw>
<kw name="Abrir navegador" library="recursos">
<arguments>
<arg>${arg1}</arg>
<arg>${arg2}</arg>
</arguments>
<kw name="Open Browser" library="SeleniumLibrary">
<doc>Opens a new browser instance to the optional ``url``.</doc>
<arguments>
<arg>${arg1}</arg>
<arg>${arg2}</arg>
</arguments>
<msg timestamp="20200521 21:54:24.033" level="INFO">Opening browser 'chrome' to base url 'http://10.16.3.36:8005/inicio'.</msg>
<status status="PASS" starttime="20200521 21:54:24.033" endtime="20200521 21:54:51.956"></status>
</kw>
<status status="PASS" starttime="20200521 21:54:24.032" endtime="20200521 21:54:51.956"></status>
</kw>
<kw name="Maximizar" library="recursos">
<kw name="Maximize Browser Window" library="SeleniumLibrary">
<doc>Maximizes current browser window.</doc>
<status status="PASS" starttime="20200521 21:54:51.957" endtime="20200521 21:54:56.257"></status>
</kw>
<status status="PASS" starttime="20200521 21:54:51.956" endtime="20200521 21:54:56.257"></status>
</kw>
<status status="PASS" starttime="20200521 21:54:24.030" endtime="20200521 21:54:56.257"></status>
</kw>
<kw name="Happy path" library="casos">
<kw name="Leer numero de filas" library="recursos">
<arguments>
<arg>Hoja1</arg>
</arguments>
<assign>
<var>${rows}</var>
</assign>
<kw name="Numero De Filas" library="ReadData">
<arguments>
<arg>${hoja}</arg>
</arguments>
<assign>
<var>${maxr}</var>
</assign>
<msg timestamp="20200521 21:54:56.257" level="INFO">${maxr} = 3</msg>
<status status="PASS" starttime="20200521 21:54:56.257" endtime="20200521 21:54:56.257"></status>
</kw>
<msg timestamp="20200521 21:54:56.257" level="INFO">${rows} = 3</msg>
<status status="PASS" starttime="20200521 21:54:56.257" endtime="20200521 21:54:56.257"></status>
</kw>
<kw name="${i} IN RANGE [ 1 | ${rows}+1 ]" type="for">
<kw name="${i} = 1" type="foritem">
<kw name="Leer celda" library="recursos">
<arguments>
<arg>Hoja1</arg>
<arg>${i}</arg>
<arg>1</arg>
</arguments>
<assign>
<var>${combo}</var>
</assign>
<kw name="Cell Data" library="ReadData">
<arguments>
<arg>${hoja}</arg>
<arg>${fila}</arg>
<arg>${celda}</arg>
</arguments>
<assign>
<var>${celldata}</var>
</assign>
<msg timestamp="20200521 21:54:56.257" level="INFO">${celldata} = 1</msg>
<status status="PASS" starttime="20200521 21:54:56.257" endtime="20200521 21:54:56.257"></status>
</kw>
<msg timestamp="20200521 21:54:56.257" level="INFO">${combo} = 1</msg>
<status status="PASS" starttime="20200521 21:54:56.257" endtime="20200521 21:54:56.257"></status>
</kw>
<kw name="Leer celda" library="recursos">
<arguments>
<arg>Hoja1</arg>
<arg>${i}</arg>
<arg>2</arg>
</arguments>
<assign>
<var>${calendario}</var>
</assign>
<kw name="Cell Data" library="ReadData">
<arguments>
<arg>${hoja}</arg>
<arg>${fila}</arg>
<arg>${celda}</arg>
</arguments>
<assign>
<var>${celldata}</var>
</assign>
<msg timestamp="20200521 21:54:56.257" level="INFO">${celldata} = 27</msg>
<status status="PASS" starttime="20200521 21:54:56.257" endtime="20200521 21:54:56.257"></status>
</kw>
<msg timestamp="20200521 21:54:56.257" level="INFO">${calendario} = 27</msg>
<status status="PASS" starttime="20200521 21:54:56.257" endtime="20200521 21:54:56.257"></status>
</kw>
<kw name="Leer celda" library="recursos">
<arguments>
<arg>Hoja1</arg>
<arg>${i}</arg>
<arg>3</arg>
</arguments>
<assign>
<var>${horario}</var>
</assign>
<kw name="Cell Data" library="ReadData">
<arguments>
<arg>${hoja}</arg>
<arg>${fila}</arg>
<arg>${celda}</arg>
</arguments>
<assign>
<var>${celldata}</var>
</assign>
<msg timestamp="20200521 21:54:56.273" level="INFO">${celldata} = 3</msg>
<status status="PASS" starttime="20200521 21:54:56.272" endtime="20200521 21:54:56.273"></status>
</kw>
<msg timestamp="20200521 21:54:56.274" level="INFO">${horario} = 3</msg>
<status status="PASS" starttime="20200521 21:54:56.257" endtime="20200521 21:54:56.274"></status>
</kw>
<kw name="Leer celda" library="recursos">
<arguments>
<arg>Hoja1</arg>
<arg>${i}</arg>
<arg>4</arg>
</arguments>
<assign>
<var>${fiscal}</var>
</assign>
<kw name="Cell Data" library="ReadData">
<arguments>
<arg>${hoja}</arg>
<arg>${fila}</arg>
<arg>${celda}</arg>
</arguments>
<assign>
<var>${celldata}</var>
</assign>
<msg timestamp="20200521 21:54:56.275" level="INFO">${celldata} = 1</msg>
<status status="PASS" starttime="20200521 21:54:56.275" endtime="20200521 21:54:56.275"></status>
</kw>
<msg timestamp="20200521 21:54:56.276" level="INFO">${fiscal} = 1</msg>
<status status="PASS" starttime="20200521 21:54:56.274" endtime="20200521 21:54:56.276"></status>
</kw>
<kw name="Leer celda" library="recursos">
<arguments>
<arg>Hoja1</arg>
<arg>${i}</arg>
<arg>5</arg>
</arguments>
<assign>
<var>${curp}</var>
</assign>
<kw name="Cell Data" library="ReadData">
<arguments>
<arg>${hoja}</arg>
<arg>${fila}</arg>
<arg>${celda}</arg>
</arguments>
<assign>
<var>${celldata}</var>
</assign>
<msg timestamp="20200521 21:54:56.277" level="INFO">${celldata} = PECJ770709HDFRHN09</msg>
<status status="PASS" starttime="20200521 21:54:56.277" endtime="20200521 21:54:56.277"></status>
</kw>
<msg timestamp="20200521 21:54:56.277" level="INFO">${curp} = PECJ770709HDFRHN09</msg>
<status status="PASS" starttime="20200521 21:54:56.276" endtime="20200521 21:54:56.277"></status>
</kw>
<kw name="Leer celda" library="recursos">
<arguments>
<arg>Hoja1</arg>
<arg>${i}</arg>
<arg>6</arg>
</arguments>
<assign>
<var>${rfc}</var>
</assign>
<kw name="Cell Data" library="ReadData">
<arguments>
<arg>${hoja}</arg>
<arg>${fila}</arg>
<arg>${celda}</arg>
</arguments>
<assign>
<var>${celldata}</var>
</assign>
<msg timestamp="20200521 21:54:56.279" level="INFO">${celldata} = PECJ770709TL9</msg>
<status status="PASS" starttime="20200521 21:54:56.278" endtime="20200521 21:54:56.279"></status>
</kw>
<msg timestamp="20200521 21:54:56.279" level="INFO">${rfc} = PECJ770709TL9</msg>
<status status="PASS" starttime="20200521 21:54:56.278" endtime="20200521 21:54:56.279"></status>
</kw>
<kw name="Leer celda" library="recursos">
<arguments>
<arg>Hoja1</arg>
<arg>${i}</arg>
<arg>7</arg>
</arguments>
<assign>
<var>${nom}</var>
</assign>
<kw name="Cell Data" library="ReadData">
<arguments>
<arg>${hoja}</arg>
<arg>${fila}</arg>
<arg>${celda}</arg>
</arguments>
<assign>
<var>${celldata}</var>
</assign>
<msg timestamp="20200521 21:54:56.280" level="INFO">${celldata} = Nombre_1</msg>
<status status="PASS" starttime="20200521 21:54:56.280" endtime="20200521 21:54:56.281"></status>
</kw>
<msg timestamp="20200521 21:54:56.281" level="INFO">${nom} = Nombre_1</msg>
<status status="PASS" starttime="20200521 21:54:56.279" endtime="20200521 21:54:56.281"></status>
</kw>
<kw name="Leer celda" library="recursos">
<arguments>
<arg>Hoja1</arg>
<arg>${i}</arg>
<arg>8</arg>
</arguments>
<assign>
<var>${ap}</var>
</assign>
<kw name="Cell Data" library="ReadData">
<arguments>
<arg>${hoja}</arg>
<arg>${fila}</arg>
<arg>${celda}</arg>
</arguments>
<assign>
<var>${celldata}</var>
</assign>
<msg timestamp="20200521 21:54:56.282" level="INFO">${celldata} = Aps</msg>
<status status="PASS" starttime="20200521 21:54:56.281" endtime="20200521 21:54:56.282"></status>
</kw>
<msg timestamp="20200521 21:54:56.282" level="INFO">${ap} = Aps</msg>
<status status="PASS" starttime="20200521 21:54:56.281" endtime="20200521 21:54:56.282"></status>
</kw>
<kw name="Leer celda" library="recursos">
<arguments>
<arg>Hoja1</arg>
<arg>${i}</arg>
<arg>9</arg>
</arguments>
<assign>
<var>${am}</var>
</assign>
<kw name="Cell Data" library="ReadData">
<arguments>
<arg>${hoja}</arg>
<arg>${fila}</arg>
<arg>${celda}</arg>
</arguments>
<assign>
<var>${celldata}</var>
</assign>
<msg timestamp="20200521 21:54:56.283" level="INFO">${celldata} = Amu</msg>
<status status="PASS" starttime="20200521 21:54:56.283" endtime="20200521 21:54:56.283"></status>
</kw>
<msg timestamp="20200521 21:54:56.284" level="INFO">${am} = Amu</msg>
<status status="PASS" starttime="20200521 21:54:56.282" endtime="20200521 21:54:56.284"></status>
</kw>
<kw name="Leer celda" library="recursos">
<arguments>
<arg>Hoja1</arg>
<arg>${i}</arg>
<arg>10</arg>
</arguments>
<assign>
<var>${lada}</var>
</assign>
<kw name="Cell Data" library="ReadData">
<arguments>
<arg>${hoja}</arg>
<arg>${fila}</arg>
<arg>${celda}</arg>
</arguments>
<assign>
<var>${celldata}</var>
</assign>
<msg timestamp="20200521 21:54:56.285" level="INFO">${celldata} = 55</msg>
<status status="PASS" starttime="20200521 21:54:56.284" endtime="20200521 21:54:56.285"></status>
</kw>
<msg timestamp="20200521 21:54:56.285" level="INFO">${lada} = 55</msg>
<status status="PASS" starttime="20200521 21:54:56.284" endtime="20200521 21:54:56.285"></status>
</kw>
<kw name="Leer celda" library="recursos">
<arguments>
<arg>Hoja1</arg>
<arg>${i}</arg>
<arg>11</arg>
</arguments>
<assign>
<var>${telefono}</var>
</assign>
<kw name="Cell Data" library="ReadData">
<arguments>
<arg>${hoja}</arg>
<arg>${fila}</arg>
<arg>${celda}</arg>
</arguments>
<assign>
<var>${celldata}</var>
</assign>
<msg timestamp="20200521 21:54:56.286" level="INFO">${celldata} = 1234567</msg>
<status status="PASS" starttime="20200521 21:54:56.286" endtime="20200521 21:54:56.286"></status>
</kw>
<msg timestamp="20200521 21:54:56.286" level="INFO">${telefono} = 1234567</msg>
<status status="PASS" starttime="20200521 21:54:56.285" endtime="20200521 21:54:56.286"></status>
</kw>
<kw name="Leer celda" library="recursos">
<arguments>
<arg>Hoja1</arg>
<arg>${i}</arg>
<arg>12</arg>
</arguments>
<assign>
<var>${gmail}</var>
</assign>
<kw name="Cell Data" library="ReadData">
<arguments>
<arg>${hoja}</arg>
<arg>${fila}</arg>
<arg>${celda}</arg>
</arguments>
<assign>
<var>${celldata}</var>
</assign>
<msg timestamp="20200521 21:54:56.287" level="INFO">${celldata} = demo1@gmail.com</msg>
<status status="PASS" starttime="20200521 21:54:56.287" endtime="20200521 21:54:56.288"></status>
</kw>
<msg timestamp="20200521 21:54:56.288" level="INFO">${gmail} = demo1@gmail.com</msg>
<status status="PASS" starttime="20200521 21:54:56.287" endtime="20200521 21:54:56.288"></status>
</kw>
<kw name="Leer celda" library="recursos">
<arguments>
<arg>Hoja1</arg>
<arg>${i}</arg>
<arg>13</arg>
</arguments>
<assign>
<var>${contenido}</var>
</assign>
<kw name="Cell Data" library="ReadData">
<arguments>
<arg>${hoja}</arg>
<arg>${fila}</arg>
<arg>${celda}</arg>
</arguments>
<assign>
<var>${celldata}</var>
</assign>
<msg timestamp="20200521 21:54:56.289" level="INFO">${celldata} = Contenidos</msg>
<status status="PASS" starttime="20200521 21:54:56.288" endtime="20200521 21:54:56.289"></status>
</kw>
<msg timestamp="20200521 21:54:56.289" level="INFO">${contenido} = Contenidos</msg>
<status status="PASS" starttime="20200521 21:54:56.288" endtime="20200521 21:54:56.289"></status>
</kw>
<kw name="Scroll" library="recursos">
<arguments>
<arg>0</arg>
<arg>400</arg>
</arguments>
<kw name="Execute Javascript" library="SeleniumLibrary">
<doc>Executes the given JavaScript code with possible arguments.</doc>
<arguments>
<arg>window.scrollTo(${arg1},${arg2})</arg>
</arguments>
<msg timestamp="20200521 21:54:56.291" level="INFO">Executing JavaScript:
window.scrollTo(0,400)
Without any arguments.</msg>
<status status="PASS" starttime="20200521 21:54:56.290" endtime="20200521 21:54:56.411"></status>
</kw>
<status status="PASS" starttime="20200521 21:54:56.289" endtime="20200521 21:54:56.411"></status>
</kw>
<kw name="Click" library="recursos">
<arguments>
<arg>//div[@class='placeholder'][contains(.,'Selecciona una opción...')]</arg>
</arguments>
<kw name="Click Element" library="SeleniumLibrary">
<doc>Click the element identified by ``locator``.</doc>
<arguments>
<arg>xpath=${arg1}</arg>
</arguments>
<msg timestamp="20200521 21:54:56.411" level="INFO">Clicking element 'xpath=//div[@class='placeholder'][contains(.,'Selecciona una opción...')]'.</msg>
<status status="PASS" starttime="20200521 21:54:56.411" endtime="20200521 21:54:56.811"></status>
</kw>
<status status="PASS" starttime="20200521 21:54:56.411" endtime="20200521 21:54:56.811"></status>
</kw>
<kw name="Dormir" library="recursos">
<arguments>
<arg>4</arg>
</arguments>
<kw name="Sleep" library="BuiltIn">
<doc>Pauses the test executed for the given time.</doc>
<arguments>
<arg>${arg1}</arg>
</arguments>
<msg timestamp="20200521 21:55:00.819" level="INFO">Slept 4 seconds</msg>
<status status="PASS" starttime="20200521 21:54:56.811" endtime="20200521 21:55:00.819"></status>
</kw>
<status status="PASS" starttime="20200521 21:54:56.811" endtime="20200521 21:55:00.819"></status>
</kw>
<kw name="Click" library="recursos">
<arguments>
<arg>/html/body/app-root/app-inicio/main/div/form/div[2]/div/div/ng-select/select-dropdown/div/div[2]/ul/li[${combo}]/span</arg>
</arguments>
<kw name="Click Element" library="SeleniumLibrary">
<doc>Click the element identified by ``locator``.</doc>
<arguments>
<arg>xpath=${arg1}</arg>
</arguments>
<msg timestamp="20200521 21:55:00.819" level="INFO">Clicking element 'xpath=/html/body/app-root/app-inicio/main/div/form/div[2]/div/div/ng-select/select-dropdown/div/div[2]/ul/li[1]/span'.</msg>
<status status="PASS" starttime="20200521 21:55:00.819" endtime="20200521 21:55:01.136"></status>
</kw>
<status status="PASS" starttime="20200521 21:55:00.819" endtime="20200521 21:55:01.136"></status>
</kw>
<kw name="Dormir" library="recursos">
<arguments>
<arg>2</arg>
</arguments>
<kw name="Sleep" library="BuiltIn">
<doc>Pauses the test executed for the given time.</doc>
<arguments>
<arg>${arg1}</arg>
</arguments>
<msg timestamp="20200521 21:55:03.139" level="INFO">Slept 2 seconds</msg>
<status status="PASS" starttime="20200521 21:55:01.136" endtime="20200521 21:55:03.139"></status>
</kw>
<status status="PASS" starttime="20200521 21:55:01.136" endtime="20200521 21:55:03.139"></status>
</kw>
<kw name="Click" library="recursos">
<arguments>
<arg>//button[@class='btn btn-primary'][contains(.,'Siguiente')]</arg>
</arguments>
<kw name="Click Element" library="SeleniumLibrary">
<doc>Click the element identified by ``locator``.</doc>
<arguments>
<arg>xpath=${arg1}</arg>
</arguments>
<msg timestamp="20200521 21:55:03.139" level="INFO">Clicking element 'xpath=//button[@class='btn btn-primary'][contains(.,'Siguiente')]'.</msg>
<status status="PASS" starttime="20200521 21:55:03.139" endtime="20200521 21:55:03.494"></status>
</kw>
<status status="PASS" starttime="20200521 21:55:03.139" endtime="20200521 21:55:03.494"></status>
</kw>
<kw name="Scroll" library="recursos">
<arguments>
<arg>0</arg>
<arg>700</arg>
</arguments>
<kw name="Execute Javascript" library="SeleniumLibrary">
<doc>Executes the given JavaScript code with possible arguments.</doc>
<arguments>
<arg>window.scrollTo(${arg1},${arg2})</arg>
</arguments>
<msg timestamp="20200521 21:55:03.498" level="INFO">Executing JavaScript:
window.scrollTo(0,700)
Without any arguments.</msg>
<status status="PASS" starttime="20200521 21:55:03.496" endtime="20200521 21:55:03.620"></status>
</kw>
<status status="PASS" starttime="20200521 21:55:03.495" endtime="20200521 21:55:03.620"></status>
</kw>
<kw name="Dormir" library="recursos">
<arguments>
<arg>4</arg>
</arguments>
<kw name="Sleep" library="BuiltIn">
<doc>Pauses the test executed for the given time.</doc>
<arguments>
<arg>${arg1}</arg>
</arguments>
<msg timestamp="20200521 21:55:07.636" level="INFO">Slept 4 seconds</msg>
<status status="PASS" starttime="20200521 21:55:03.621" endtime="20200521 21:55:07.636"></status>
</kw>
<status status="PASS" starttime="20200521 21:55:03.621" endtime="20200521 21:55:07.636"></status>
</kw>
<kw name="Click" library="recursos">
<arguments>
<arg>//span[contains(.,'${calendario}')]</arg>
</arguments>
<kw name="Click Element" library="SeleniumLibrary">
<doc>Click the element identified by ``locator``.</doc>
<arguments>
<arg>xpath=${arg1}</arg>
</arguments>
<msg timestamp="20200521 21:55:07.636" level="INFO">Clicking element 'xpath=//span[contains(.,'27')]'.</msg>
<status status="PASS" starttime="20200521 21:55:07.636" endtime="20200521 21:55:07.984"></status>
</kw>
<status status="PASS" starttime="20200521 21:55:07.636" endtime="20200521 21:55:07.984"></status>
</kw>
<kw name="Dormir" library="recursos">
<arguments>
<arg>4</arg>
</arguments>
<kw name="Sleep" library="BuiltIn">
<doc>Pauses the test executed for the given time.</doc>
<arguments>
<arg>${arg1}</arg>
</arguments>
<msg timestamp="20200521 21:55:11.987" level="INFO">Slept 4 seconds</msg>
<status status="PASS" starttime="20200521 21:55:07.986" endtime="20200521 21:55:11.987"></status>
</kw>
<status status="PASS" starttime="20200521 21:55:07.985" endtime="20200521 21:55:11.988"></status>
</kw>
<kw name="SLI" library="recursos">
<arguments>
<arg>//select[contains(@id,'seccion')]</arg>
<arg>3</arg>
</arguments>
<kw name="Select From List By Index" library="SeleniumLibrary">
<doc>Selects options from selection list ``locator`` by ``indexes``.</doc>
<arguments>
<arg>${arg1}</arg>
<arg>${arg2}</arg>
</arguments>
<msg timestamp="20200521 21:55:11.990" level="INFO">Selecting options from selection list '//select[contains(@id,'seccion')]' by index 3.</msg>
<status status="PASS" starttime="20200521 21:55:11.989" endtime="20200521 21:55:13.333"></status>
</kw>
<status status="PASS" starttime="20200521 21:55:11.988" endtime="20200521 21:55:13.333"></status>
</kw>
<kw name="Dormir" library="recursos">
<arguments>
<arg>2</arg>
</arguments>
<kw name="Sleep" library="BuiltIn">
<doc>Pauses the test executed for the given time.</doc>
<arguments>
<arg>${arg1}</arg>
</arguments>
<msg timestamp="20200521 21:55:15.350" level="INFO">Slept 2 seconds</msg>
<status status="PASS" starttime="20200521 21:55:13.334" endtime="20200521 21:55:15.350"></status>
</kw>
<status status="PASS" starttime="20200521 21:55:13.333" endtime="20200521 21:55:15.350"></status>
</kw>
<kw name="Click" library="recursos">
<arguments>
<arg>//button[@class='btn btn-primary'][contains(.,'Aceptar')]</arg>
</arguments>
<kw name="Click Element" library="SeleniumLibrary">
<doc>Click the element identified by ``locator``.</doc>
<arguments>
<arg>xpath=${arg1}</arg>
</arguments>
<msg timestamp="20200521 21:55:15.350" level="INFO">Clicking element 'xpath=//button[@class='btn btn-primary'][contains(.,'Aceptar')]'.</msg>
<status status="PASS" starttime="20200521 21:55:15.350" endtime="20200521 21:55:15.675"></status>
</kw>
<status status="PASS" starttime="20200521 21:55:15.350" endtime="20200521 21:55:15.675"></status>
</kw>
<kw name="Click" library="recursos">
<arguments>
<arg>//button[@class='btn btn-primary'][contains(.,'Siguiente')]</arg>
</arguments>
<kw name="Click Element" library="SeleniumLibrary">
<doc>Click the element identified by ``locator``.</doc>
<arguments>
<arg>xpath=${arg1}</arg>
</arguments>
<msg timestamp="20200521 21:55:15.677" level="INFO">Clicking element 'xpath=//button[@class='btn btn-primary'][contains(.,'Siguiente')]'.</msg>
<status status="PASS" starttime="20200521 21:55:15.676" endtime="20200521 21:55:16.177"></status>
</kw>
<status status="PASS" starttime="20200521 21:55:15.675" endtime="20200521 21:55:16.177"></status>
</kw>
<kw name="Dormir" library="recursos">
<arguments>
<arg>1</arg>
</arguments>
<kw name="Sleep" library="BuiltIn">
<doc>Pauses the test executed for the given time.</doc>
<arguments>
<arg>${arg1}</arg>
</arguments>
<msg timestamp="20200521 21:55:17.188" level="INFO">Slept 1 second</msg>
<status status="PASS" starttime="20200521 21:55:16.178" endtime="20200521 21:55:17.188"></status>
</kw>
<status status="PASS" starttime="20200521 21:55:16.178" endtime="20200521 21:55:17.188"></status>
</kw>
<kw name="Scroll" library="recursos">
<arguments>
<arg>0</arg>
<arg>700</arg>
</arguments>
<kw name="Execute Javascript" library="SeleniumLibrary">
<doc>Executes the given JavaScript code with possible arguments.</doc>
<arguments>
<arg>window.scrollTo(${arg1},${arg2})</arg>
</arguments>
<msg timestamp="20200521 21:55:17.188" level="INFO">Executing JavaScript:
window.scrollTo(0,700)
Without any arguments.</msg>
<status status="PASS" starttime="20200521 21:55:17.188" endtime="20200521 21:55:17.314"></status>
</kw>
<status status="PASS" starttime="20200521 21:55:17.188" endtime="20200521 21:55:17.314"></status>
</kw>
<kw name="SLI" library="recursos">
<arguments>
<arg>//select[contains(@class,'form-control ng-untouched ng-pristine ng-invalid')]</arg>
<arg>1</arg>
</arguments>
<kw name="Select From List By Index" library="SeleniumLibrary">
<doc>Selects options from selection list ``locator`` by ``indexes``.</doc>
<arguments>
<arg>${arg1}</arg>
<arg>${arg2}</arg>
</arguments>
<msg timestamp="20200521 21:55:17.314" level="INFO">Selecting options from selection list '//select[contains(@class,'form-control ng-untouched ng-pristine ng-invalid')]' by index 1.</msg>
<status status="PASS" starttime="20200521 21:55:17.314" endtime="20200521 21:55:18.481"></status>
</kw>
<status status="PASS" starttime="20200521 21:55:17.314" endtime="20200521 21:55:18.481"></status>
</kw>
<kw name="Texto" library="recursos">
<arguments>
<arg>//input[contains(@id,'curp')]</arg>
<arg>${curp}</arg>
</arguments>
<kw name="Input Text" library="SeleniumLibrary">
<doc>Types the given ``text`` into the text field identified by ``locator``.</doc>
<arguments>
<arg>xpath=${arg1}</arg>
<arg>${arg2}</arg>
</arguments>
<msg timestamp="20200521 21:55:18.481" level="INFO">Typing text 'PECJ770709HDFRHN09' into text field 'xpath=//input[contains(@id,'curp')]'.</msg>
<status status="PASS" starttime="20200521 21:55:18.481" endtime="20200521 21:55:19.101"></status>
</kw>
<status status="PASS" starttime="20200521 21:55:18.481" endtime="20200521 21:55:19.101"></status>
</kw>
<kw name="Texto" library="recursos">
<arguments>
<arg>//input[contains(@formcontrolname,'rfc')]</arg>
<arg>${rfc}</arg>
</arguments>
<kw name="Input Text" library="SeleniumLibrary">
<doc>Types the given ``text`` into the text field identified by ``locator``.</doc>
<arguments>
<arg>xpath=${arg1}</arg>
<arg>${arg2}</arg>
</arguments>
<msg timestamp="20200521 21:55:19.101" level="INFO">Typing text 'PECJ770709TL9' into text field 'xpath=//input[contains(@formcontrolname,'rfc')]'.</msg>
<status status="PASS" starttime="20200521 21:55:19.101" endtime="20200521 21:55:19.685"></status>
</kw>
<status status="PASS" starttime="20200521 21:55:19.101" endtime="20200521 21:55:19.685"></status>
</kw>
<kw name="Texto" library="recursos">
<arguments>
<arg>//input[contains(@id,'nombre')]</arg>
<arg>${nom}</arg>
</arguments>
<kw name="Input Text" library="SeleniumLibrary">
<doc>Types the given ``text`` into the text field identified by ``locator``.</doc>
<arguments>
<arg>xpath=${arg1}</arg>
<arg>${arg2}</arg>
</arguments>
<msg timestamp="20200521 21:55:19.686" level="INFO">Typing text 'Nombre_1' into text field 'xpath=//input[contains(@id,'nombre')]'.</msg>
<status status="PASS" starttime="20200521 21:55:19.686" endtime="20200521 21:55:20.259"></status>
</kw>
<status status="PASS" starttime="20200521 21:55:19.685" endtime="20200521 21:55:20.259"></status>
</kw>
<kw name="Texto" library="recursos">
<arguments>
<arg>//input[contains(@id,'primerApellido')]</arg>
<arg>${ap}</arg>
</arguments>
<kw name="Input Text" library="SeleniumLibrary">
<doc>Types the given ``text`` into the text field identified by ``locator``.</doc>
<arguments>
<arg>xpath=${arg1}</arg>
<arg>${arg2}</arg>
</arguments>
<msg timestamp="20200521 21:55:20.260" level="INFO">Typing text 'Aps' into text field 'xpath=//input[contains(@id,'primerApellido')]'.</msg>
<status status="PASS" starttime="20200521 21:55:20.260" endtime="20200521 21:55:20.786"></status>
</kw>
<status status="PASS" starttime="20200521 21:55:20.259" endtime="20200521 21:55:20.786"></status>
</kw>
<kw name="Texto" library="recursos">
<arguments>
<arg>//input[contains(@id,'segundoApellido')]</arg>
<arg>${am}</arg>
</arguments>
<kw name="Input Text" library="SeleniumLibrary">
<doc>Types the given ``text`` into the text field identified by ``locator``.</doc>
<arguments>
<arg>xpath=${arg1}</arg>
<arg>${arg2}</arg>
</arguments>
<msg timestamp="20200521 21:55:20.789" level="INFO">Typing text 'Amu' into text field 'xpath=//input[contains(@id,'segundoApellido')]'.</msg>
<status status="PASS" starttime="20200521 21:55:20.788" endtime="20200521 21:55:21.308"></status>
</kw>
<status status="PASS" starttime="20200521 21:55:20.787" endtime="20200521 21:55:21.308"></status>
</kw>
<kw name="Scroll" library="recursos">
<arguments>
<arg>0</arg>
<arg>900</arg>
</arguments>
<kw name="Execute Javascript" library="SeleniumLibrary">
<doc>Executes the given JavaScript code with possible arguments.</doc>
<arguments>
<arg>window.scrollTo(${arg1},${arg2})</arg>
</arguments>
<msg timestamp="20200521 21:55:21.311" level="INFO">Executing JavaScript:
window.scrollTo(0,900)
Without any arguments.</msg>
<status status="PASS" starttime="20200521 21:55:21.310" endtime="20200521 21:55:21.430"></status>
</kw>
<status status="PASS" starttime="20200521 21:55:21.309" endtime="20200521 21:55:21.431"></status>
</kw>
<kw name="Texto" library="recursos">
<arguments>
<arg>//input[contains(@id,'claveLada')]</arg>
<arg>${lada}</arg>
</arguments>
<kw name="Input Text" library="SeleniumLibrary">
<doc>Types the given ``text`` into the text field identified by ``locator``.</doc>
<arguments>
<arg>xpath=${arg1}</arg>
<arg>${arg2}</arg>
</arguments>
<msg timestamp="20200521 21:55:21.434" level="INFO">Typing text '55' into text field 'xpath=//input[contains(@id,'claveLada')]'.</msg>
<status status="PASS" starttime="20200521 21:55:21.433" endtime="20200521 21:55:21.976"></status>
</kw>
<status status="PASS" starttime="20200521 21:55:21.431" endtime="20200521 21:55:21.976"></status>
</kw>
<kw name="Texto" library="recursos">
<arguments>
<arg>//input[contains(@id,'telefono')]</arg>
<arg>${telefono}</arg>
</arguments>
<kw name="Input Text" library="SeleniumLibrary">
<doc>Types the given ``text`` into the text field identified by ``locator``.</doc>
<arguments>
<arg>xpath=${arg1}</arg>
<arg>${arg2}</arg>
</arguments>
<msg timestamp="20200521 21:55:21.977" level="INFO">Typing text '1234567' into text field 'xpath=//input[contains(@id,'telefono')]'.</msg>
<status status="PASS" starttime="20200521 21:55:21.977" endtime="20200521 21:55:22.540"></status>
</kw>
<status status="PASS" starttime="20200521 21:55:21.976" endtime="20200521 21:55:22.540"></status>
</kw>
<kw name="Texto" library="recursos">
<arguments>
<arg>//input[contains(@id,'correoElectronico')]</arg>
<arg>${gmail}</arg>
</arguments>
<kw name="Input Text" library="SeleniumLibrary">
<doc>Types the given ``text`` into the text field identified by ``locator``.</doc>
<arguments>
<arg>xpath=${arg1}</arg>
<arg>${arg2}</arg>
</arguments>
<msg timestamp="20200521 21:55:22.542" level="INFO">Typing text 'demo1@gmail.com' into text field 'xpath=//input[contains(@id,'correoElectronico')]'.</msg>
<status status="PASS" starttime="20200521 21:55:22.541" endtime="20200521 21:55:23.077"></status>
</kw>
<status status="PASS" starttime="20200521 21:55:22.541" endtime="20200521 21:55:23.077"></status>
</kw>
<kw name="Texto" library="recursos">
<arguments>
<arg>//input[contains(@id,'observaciones')]</arg>
<arg>${contenido}</arg>
</arguments>
<kw name="Input Text" library="SeleniumLibrary">
<doc>Types the given ``text`` into the text field identified by ``locator``.</doc>
<arguments>
<arg>xpath=${arg1}</arg>
<arg>${arg2}</arg>
</arguments>
<msg timestamp="20200521 21:55:23.079" level="INFO">Typing text 'Contenidos' into text field 'xpath=//input[contains(@id,'observaciones')]'.</msg>
<status status="PASS" starttime="20200521 21:55:23.078" endtime="20200521 21:55:23.639"></status>
</kw>
<status status="PASS" starttime="20200521 21:55:23.078" endtime="20200521 21:55:23.639"></status>
</kw>
<kw name="Dormir" library="recursos">
<arguments>
<arg>2</arg>
</arguments>
<kw name="Sleep" library="BuiltIn">
<doc>Pauses the test executed for the given time.</doc>
<arguments>
<arg>${arg1}</arg>
</arguments>
<msg timestamp="20200521 21:55:25.643" level="INFO">Slept 2 seconds</msg>
<status status="PASS" starttime="20200521 21:55:23.640" endtime="20200521 21:55:25.643"></status>
</kw>
<status status="PASS" starttime="20200521 21:55:23.639" endtime="20200521 21:55:25.643"></status>
</kw>
<kw name="Go To" library="SeleniumLibrary">
<doc>Navigates the current browser window to the provided ``url``.</doc>
<arguments>
<arg>http://10.16.3.36:8005/inicio</arg>
</arguments>
<msg timestamp="20200521 21:55:25.643" level="INFO">Opening url 'http://10.16.3.36:8005/inicio'</msg>
<status status="PASS" starttime="20200521 21:55:25.643" endtime="20200521 21:55:25.996"></status>
</kw>
<status status="PASS" starttime="20200521 21:54:56.257" endtime="20200521 21:55:25.996"></status>
</kw>
<kw name="${i} = 2" type="foritem">
<kw name="Leer celda" library="recursos">
<arguments>
<arg>Hoja1</arg>
<arg>${i}</arg>
<arg>1</arg>
</arguments>
<assign>
<var>${combo}</var>
</assign>
<kw name="Cell Data" library="ReadData">
<arguments>
<arg>${hoja}</arg>
<arg>${fila}</arg>
<arg>${celda}</arg>
</arguments>
<assign>
<var>${celldata}</var>
</assign>
<msg timestamp="20200521 21:55:25.998" level="INFO">${celldata} = 2</msg>
<status status="PASS" starttime="20200521 21:55:25.998" endtime="20200521 21:55:25.998"></status>
</kw>
<msg timestamp="20200521 21:55:25.998" level="INFO">${combo} = 2</msg>
<status status="PASS" starttime="20200521 21:55:25.997" endtime="20200521 21:55:25.998"></status>
</kw>
<kw name="Leer celda" library="recursos">
<arguments>
<arg>Hoja1</arg>
<arg>${i}</arg>
<arg>2</arg>
</arguments>
<assign>
<var>${calendario}</var>
</assign>
<kw name="Cell Data" library="ReadData">
<arguments>
<arg>${hoja}</arg>
<arg>${fila}</arg>
<arg>${celda}</arg>
</arguments>
<assign>
<var>${celldata}</var>
</assign>
<msg timestamp="20200521 21:55:25.999" level="INFO">${celldata} = 28</msg>
<status status="PASS" starttime="20200521 21:55:25.999" endtime="20200521 21:55:25.999"></status>
</kw>
<msg timestamp="20200521 21:55:25.999" level="INFO">${calendario} = 28</msg>
<status status="PASS" starttime="20200521 21:55:25.999" endtime="20200521 21:55:25.999"></status>
</kw>
<kw name="Leer celda" library="recursos">
<arguments>
<arg>Hoja1</arg>
<arg>${i}</arg>
<arg>3</arg>
</arguments>
<assign>
<var>${horario}</var>
</assign>
<kw name="Cell Data" library="ReadData">
<arguments>
<arg>${hoja}</arg>
<arg>${fila}</arg>
<arg>${celda}</arg>
</arguments>
<assign>
<var>${celldata}</var>
</assign>
<msg timestamp="20200521 21:55:26.000" level="INFO">${celldata} = 4</msg>
<status status="PASS" starttime="20200521 21:55:26.000" endtime="20200521 21:55:26.000"></status>
</kw>
<msg timestamp="20200521 21:55:26.000" level="INFO">${horario} = 4</msg>
<status status="PASS" starttime="20200521 21:55:25.999" endtime="20200521 21:55:26.000"></status>
</kw>
<kw name="Leer celda" library="recursos">
<arguments>
<arg>Hoja1</arg>
<arg>${i}</arg>
<arg>4</arg>
</arguments>
<assign>
<var>${fiscal}</var>
</assign>
<kw name="Cell Data" library="ReadData">
<arguments>
<arg>${hoja}</arg>
<arg>${fila}</arg>
<arg>${celda}</arg>
</arguments>
<assign>
<var>${celldata}</var>
</assign>
<msg timestamp="20200521 21:55:26.001" level="INFO">${celldata} = 1</msg>
<status status="PASS" starttime="20200521 21:55:26.001" endtime="20200521 21:55:26.001"></status>
</kw>
<msg timestamp="20200521 21:55:26.001" level="INFO">${fiscal} = 1</msg>
<status status="PASS" starttime="20200521 21:55:26.000" endtime="20200521 21:55:26.001"></status>
</kw>
<kw name="Leer celda" library="recursos">
<arguments>
<arg>Hoja1</arg>
<arg>${i}</arg>
<arg>5</arg>
</arguments>
<assign>
<var>${curp}</var>
</assign>
<kw name="Cell Data" library="ReadData">
<arguments>
<arg>${hoja}</arg>
<arg>${fila}</arg>
<arg>${celda}</arg>
</arguments>
<assign>
<var>${celldata}</var>
</assign>
<msg timestamp="20200521 21:55:26.002" level="INFO">${celldata} = PECJ770709HDFRHN09</msg>
<status status="PASS" starttime="20200521 21:55:26.001" endtime="20200521 21:55:26.002"></status>
</kw>
<msg timestamp="20200521 21:55:26.002" level="INFO">${curp} = PECJ770709HDFRHN09</msg>
<status status="PASS" starttime="20200521 21:55:26.001" endtime="20200521 21:55:26.002"></status>
</kw>
<kw name="Leer celda" library="recursos">
<arguments>
<arg>Hoja1</arg>
<arg>${i}</arg>
<arg>6</arg>
</arguments>
<assign>
<var>${rfc}</var>
</assign>
<kw name="Cell Data" library="ReadData">
<arguments>
<arg>${hoja}</arg>
<arg>${fila}</arg>
<arg>${celda}</arg>
</arguments>
<assign>
<var>${celldata}</var>
</assign>
<msg timestamp="20200521 21:55:26.002" level="INFO">${celldata} = PECJ770709TL9</msg>
<status status="PASS" starttime="20200521 21:55:26.002" endtime="20200521 21:55:26.002"></status>
</kw>
<msg timestamp="20200521 21:55:26.003" level="INFO">${rfc} = PECJ770709TL9</msg>
<status status="PASS" starttime="20200521 21:55:26.002" endtime="20200521 21:55:26.003"></status>
</kw>
<kw name="Leer celda" library="recursos">
<arguments>
<arg>Hoja1</arg>
<arg>${i}</arg>
<arg>7</arg>
</arguments>
<assign>
<var>${nom}</var>
</assign>
<kw name="Cell Data" library="ReadData">
<arguments>
<arg>${hoja}</arg>
<arg>${fila}</arg>
<arg>${celda}</arg>
</arguments>
<assign>
<var>${celldata}</var>
</assign>
<msg timestamp="20200521 21:55:26.003" level="INFO">${celldata} = Nombre_2</msg>
<status status="PASS" starttime="20200521 21:55:26.003" endtime="20200521 21:55:26.003"></status>
</kw>
<msg timestamp="20200521 21:55:26.003" level="INFO">${nom} = Nombre_2</msg>
<status status="PASS" starttime="20200521 21:55:26.003" endtime="20200521 21:55:26.003"></status>
</kw>
<kw name="Leer celda" library="recursos">
<arguments>
<arg>Hoja1</arg>
<arg>${i}</arg>
<arg>8</arg>
</arguments>
<assign>
<var>${ap}</var>
</assign>
<kw name="Cell Data" library="ReadData">
<arguments>
<arg>${hoja}</arg>
<arg>${fila}</arg>
<arg>${celda}</arg>
</arguments>
<assign>
<var>${celldata}</var>
</assign>
<msg timestamp="20200521 21:55:26.004" level="INFO">${celldata} = Apd</msg>
<status status="PASS" starttime="20200521 21:55:26.004" endtime="20200521 21:55:26.004"></status>
</kw>
<msg timestamp="20200521 21:55:26.004" level="INFO">${ap} = Apd</msg>
<status status="PASS" starttime="20200521 21:55:26.003" endtime="20200521 21:55:26.004"></status>
</kw>
<kw name="Leer celda" library="recursos">
<arguments>
<arg>Hoja1</arg>
<arg>${i}</arg>
<arg>9</arg>
</arguments>
<assign>
<var>${am}</var>
</assign>
<kw name="Cell Data" library="ReadData">
<arguments>
<arg>${hoja}</arg>
<arg>${fila}</arg>
<arg>${celda}</arg>
</arguments>
<assign>
<var>${celldata}</var>
</assign>
<msg timestamp="20200521 21:55:26.005" level="INFO">${celldata} = Amd</msg>
<status status="PASS" starttime="20200521 21:55:26.004" endtime="20200521 21:55:26.005"></status>
</kw>
<msg timestamp="20200521 21:55:26.005" level="INFO">${am} = Amd</msg>
<status status="PASS" starttime="20200521 21:55:26.004" endtime="20200521 21:55:26.005"></status>
</kw>
<kw name="Leer celda" library="recursos">
<arguments>
<arg>Hoja1</arg>
<arg>${i}</arg>
<arg>10</arg>
</arguments>
<assign>
<var>${lada}</var>
</assign>
<kw name="Cell Data" library="ReadData">
<arguments>
<arg>${hoja}</arg>
<arg>${fila}</arg>
<arg>${celda}</arg>
</arguments>
<assign>
<var>${celldata}</var>
</assign>
<msg timestamp="20200521 21:55:26.006" level="INFO">${celldata} = 55</msg>
<status status="PASS" starttime="20200521 21:55:26.005" endtime="20200521 21:55:26.006"></status>
</kw>
<msg timestamp="20200521 21:55:26.006" level="INFO">${lada} = 55</msg>
<status status="PASS" starttime="20200521 21:55:26.005" endtime="20200521 21:55:26.006"></status>
</kw>
<kw name="Leer celda" library="recursos">
<arguments>
<arg>Hoja1</arg>
<arg>${i}</arg>
<arg>11</arg>
</arguments>
<assign>
<var>${telefono}</var>
</assign>
<kw name="Cell Data" library="ReadData">
<arguments>
<arg>${hoja}</arg>
<arg>${fila}</arg>
<arg>${celda}</arg>
</arguments>
<assign>
<var>${celldata}</var>
</assign>
<msg timestamp="20200521 21:55:26.007" level="INFO">${celldata} = 1234568</msg>
<status status="PASS" starttime="20200521 21:55:26.006" endtime="20200521 21:55:26.007"></status>
</kw>
<msg timestamp="20200521 21:55:26.007" level="INFO">${telefono} = 1234568</msg>
<status status="PASS" starttime="20200521 21:55:26.006" endtime="20200521 21:55:26.007"></status>
</kw>
<kw name="Leer celda" library="recursos">
<arguments>
<arg>Hoja1</arg>
<arg>${i}</arg>
<arg>12</arg>
</arguments>
<assign>
<var>${gmail}</var>
</assign>
<kw name="Cell Data" library="ReadData">
<arguments>
<arg>${hoja}</arg>
<arg>${fila}</arg>
<arg>${celda}</arg>
</arguments>
<assign>
<var>${celldata}</var>
</assign>
<msg timestamp="20200521 21:55:26.008" level="INFO">${celldata} = demo2@gmail.com</msg>
<status status="PASS" starttime="20200521 21:55:26.007" endtime="20200521 21:55:26.008"></status>
</kw>
<msg timestamp="20200521 21:55:26.008" level="INFO">${gmail} = demo2@gmail.com</msg>
<status status="PASS" starttime="20200521 21:55:26.007" endtime="20200521 21:55:26.008"></status>
</kw>
<kw name="Leer celda" library="recursos">
<arguments>
<arg>Hoja1</arg>
<arg>${i}</arg>
<arg>13</arg>
</arguments>
<assign>
<var>${contenido}</var>
</assign>
<kw name="Cell Data" library="ReadData">
<arguments>
<arg>${hoja}</arg>
<arg>${fila}</arg>
<arg>${celda}</arg>
</arguments>
<assign>
<var>${celldata}</var>
</assign>
<msg timestamp="20200521 21:55:26.009" level="INFO">${celldata} = Contenidot</msg>
<status status="PASS" starttime="20200521 21:55:26.008" endtime="20200521 21:55:26.009"></status>
</kw>
<msg timestamp="20200521 21:55:26.009" level="INFO">${contenido} = Contenidot</msg>
<status status="PASS" starttime="20200521 21:55:26.008" endtime="20200521 21:55:26.009"></status>
</kw>
<kw name="Scroll" library="recursos">
<arguments>
<arg>0</arg>
<arg>400</arg>
</arguments>
<kw name="Execute Javascript" library="SeleniumLibrary">
<doc>Executes the given JavaScript code with possible arguments.</doc>
<arguments>
<arg>window.scrollTo(${arg1},${arg2})</arg>
</arguments>
<msg timestamp="20200521 21:55:26.010" level="INFO">Executing JavaScript:
window.scrollTo(0,400)
Without any arguments.</msg>
<status status="PASS" starttime="20200521 21:55:26.009" endtime="20200521 21:55:26.119"></status>
</kw>
<status status="PASS" starttime="20200521 21:55:26.009" endtime="20200521 21:55:26.119"></status>
</kw>
<kw name="Click" library="recursos">
<arguments>
<arg>//div[@class='placeholder'][contains(.,'Selecciona una opción...')]</arg>
</arguments>
<kw name="Click Element" library="SeleniumLibrary">
<doc>Click the element identified by ``locator``.</doc>
<arguments>
<arg>xpath=${arg1}</arg>
</arguments>
<msg timestamp="20200521 21:55:26.121" level="INFO">Clicking element 'xpath=//div[@class='placeholder'][contains(.,'Selecciona una opción...')]'.</msg>
<status status="PASS" starttime="20200521 21:55:26.120" endtime="20200521 21:55:26.529"></status>
</kw>
<status status="PASS" starttime="20200521 21:55:26.119" endtime="20200521 21:55:26.531"></status>
</kw>
<kw name="Dormir" library="recursos">
<arguments>
<arg>4</arg>
</arguments>
<kw name="Sleep" library="BuiltIn">
<doc>Pauses the test executed for the given time.</doc>
<arguments>
<arg>${arg1}</arg>
</arguments>
<msg timestamp="20200521 21:55:30.541" level="INFO">Slept 4 seconds</msg>
<status status="PASS" starttime="20200521 21:55:26.533" endtime="20200521 21:55:30.541"></status>
</kw>
<status status="PASS" starttime="20200521 21:55:26.532" endtime="20200521 21:55:30.541"></status>
</kw>
<kw name="Click" library="recursos">
<arguments>
<arg>/html/body/app-root/app-inicio/main/div/form/div[2]/div/div/ng-select/select-dropdown/div/div[2]/ul/li[${combo}]/span</arg>
</arguments>
<kw name="Click Element" library="SeleniumLibrary">
<doc>Click the element identified by ``locator``.</doc>
<arguments>
<arg>xpath=${arg1}</arg>
</arguments>
<msg timestamp="20200521 21:55:30.541" level="INFO">Clicking element 'xpath=/html/body/app-root/app-inicio/main/div/form/div[2]/div/div/ng-select/select-dropdown/div/div[2]/ul/li[2]/span'.</msg>
<status status="PASS" starttime="20200521 21:55:30.541" endtime="20200521 21:55:30.861"></status>
</kw>
<status status="PASS" starttime="20200521 21:55:30.541" endtime="20200521 21:55:30.861"></status>
</kw>
<kw name="Dormir" library="recursos">
<arguments>
<arg>2</arg>
</arguments>
<kw name="Sleep" library="BuiltIn">
<doc>Pauses the test executed for the given time.</doc>
<arguments>
<arg>${arg1}</arg>
</arguments>
<msg timestamp="20200521 21:55:32.874" level="INFO">Slept 2 seconds</msg>
<status status="PASS" starttime="20200521 21:55:30.863" endtime="20200521 21:55:32.874"></status>
</kw>
<status status="PASS" starttime="20200521 21:55:30.862" endtime="20200521 21:55:32.875"></status>
</kw>
<kw name="Click" library="recursos">
<arguments>
<arg>//button[@class='btn btn-primary'][contains(.,'Siguiente')]</arg>
</arguments>
<kw name="Click Element" library="SeleniumLibrary">
<doc>Click the element identified by ``locator``.</doc>
<arguments>
<arg>xpath=${arg1}</arg>
</arguments>
<msg timestamp="20200521 21:55:32.877" level="INFO">Clicking element 'xpath=//button[@class='btn btn-primary'][contains(.,'Siguiente')]'.</msg>
<status status="PASS" starttime="20200521 21:55:32.876" endtime="20200521 21:55:33.212"></status>
</kw>
<status status="PASS" starttime="20200521 21:55:32.875" endtime="20200521 21:55:33.212"></status>
</kw>
<kw name="Scroll" library="recursos">
<arguments>
<arg>0</arg>
<arg>700</arg>
</arguments>
<kw name="Execute Javascript" library="SeleniumLibrary">
<doc>Executes the given JavaScript code with possible arguments.</doc>
<arguments>
<arg>window.scrollTo(${arg1},${arg2})</arg>
</arguments>
<msg timestamp="20200521 21:55:33.214" level="INFO">Executing JavaScript:
window.scrollTo(0,700)
Without any arguments.</msg>
<status status="PASS" starttime="20200521 21:55:33.213" endtime="20200521 21:55:33.323"></status>
</kw>
<status status="PASS" starttime="20200521 21:55:33.212" endtime="20200521 21:55:33.323"></status>
</kw>
<kw name="Dormir" library="recursos">
<arguments>
<arg>4</arg>
</arguments>
<kw name="Sleep" library="BuiltIn">
<doc>Pauses the test executed for the given time.</doc>
<arguments>
<arg>${arg1}</arg>
</arguments>
<msg timestamp="20200521 21:55:37.328" level="INFO">Slept 4 seconds</msg>
<status status="PASS" starttime="20200521 21:55:33.323" endtime="20200521 21:55:37.328"></status>
</kw>
<status status="PASS" starttime="20200521 21:55:33.323" endtime="20200521 21:55:37.328"></status>
</kw>
<kw name="Click" library="recursos">
<arguments>
<arg>//span[contains(.,'${calendario}')]</arg>
</arguments>
<kw name="Click Element" library="SeleniumLibrary">
<doc>Click the element identified by ``locator``.</doc>
<arguments>
<arg>xpath=${arg1}</arg>
</arguments>
<msg timestamp="20200521 21:55:37.331" level="INFO">Clicking element 'xpath=//span[contains(.,'28')]'.</msg>
<status status="PASS" starttime="20200521 21:55:37.331" endtime="20200521 21:55:37.629"></status>
</kw>
<status status="PASS" starttime="20200521 21:55:37.328" endtime="20200521 21:55:37.629"></status>
</kw>
<kw name="Dormir" library="recursos">
<arguments>
<arg>4</arg>
</arguments>
<kw name="Sleep" library="BuiltIn">
<doc>Pauses the test executed for the given time.</doc>
<arguments>
<arg>${arg1}</arg>
</arguments>
<msg timestamp="20200521 21:55:41.638" level="INFO">Slept 4 seconds</msg>
<status status="PASS" starttime="20200521 21:55:37.630" endtime="20200521 21:55:41.638"></status>
</kw>
<status status="PASS" starttime="20200521 21:55:37.629" endtime="20200521 21:55:41.638"></status>
</kw>
<kw name="SLI" library="recursos">
<arguments>
<arg>//select[contains(@id,'seccion')]</arg>
<arg>3</arg>
</arguments>
<kw name="Select From List By Index" library="SeleniumLibrary">
<doc>Selects options from selection list ``locator`` by ``indexes``.</doc>
<arguments>
<arg>${arg1}</arg>
<arg>${arg2}</arg>
</arguments>
<msg timestamp="20200521 21:55:41.638" level="INFO">Selecting options from selection list '//select[contains(@id,'seccion')]' by index 3.</msg>
<status status="PASS" starttime="20200521 21:55:41.638" endtime="20200521 21:55:43.042"></status>
</kw>
<status status="PASS" starttime="20200521 21:55:41.638" endtime="20200521 21:55:43.042"></status>
</kw>
<kw name="Dormir" library="recursos">
<arguments>
<arg>2</arg>
</arguments>
<kw name="Sleep" library="BuiltIn">
<doc>Pauses the test executed for the given time.</doc>
<arguments>
<arg>${arg1}</arg>
</arguments>
<msg timestamp="20200521 21:55:45.045" level="INFO">Slept 2 seconds</msg>
<status status="PASS" starttime="20200521 21:55:43.042" endtime="20200521 21:55:45.045"></status>
</kw>
<status status="PASS" starttime="20200521 21:55:43.042" endtime="20200521 21:55:45.046"></status>
</kw>
<kw name="Click" library="recursos">
<arguments>
<arg>//button[@class='btn btn-primary'][contains(.,'Aceptar')]</arg>
</arguments>
<kw name="Click Element" library="SeleniumLibrary">
<doc>Click the element identified by ``locator``.</doc>
<arguments>
<arg>xpath=${arg1}</arg>
</arguments>
<msg timestamp="20200521 21:55:45.048" level="INFO">Clicking element 'xpath=//button[@class='btn btn-primary'][contains(.,'Aceptar')]'.</msg>
<status status="PASS" starttime="20200521 21:55:45.047" endtime="20200521 21:55:45.421"></status>
</kw>
<status status="PASS" starttime="20200521 21:55:45.046" endtime="20200521 21:55:45.421"></status>
</kw>
<kw name="Click" library="recursos">
<arguments>
<arg>//button[@class='btn btn-primary'][contains(.,'Siguiente')]</arg>
</arguments>
<kw name="Click Element" library="SeleniumLibrary">
<doc>Click the element identified by ``locator``.</doc>
<arguments>
<arg>xpath=${arg1}</arg>
</arguments>
<msg timestamp="20200521 21:55:45.422" level="INFO">Clicking element 'xpath=//button[@class='btn btn-primary'][contains(.,'Siguiente')]'.</msg>
<status status="PASS" starttime="20200521 21:55:45.422" endtime="20200521 21:55:45.853"></status>
</kw>
<status status="PASS" starttime="20200521 21:55:45.421" endtime="20200521 21:55:45.853"></status>
</kw>
<kw name="Dormir" library="recursos">
<arguments>
<arg>1</arg>
</arguments>
<kw name="Sleep" library="BuiltIn">
<doc>Pauses the test executed for the given time.</doc>
<arguments>
<arg>${arg1}</arg>
</arguments>
<msg timestamp="20200521 21:55:46.865" level="INFO">Slept 1 second</msg>
<status status="PASS" starttime="20200521 21:55:45.854" endtime="20200521 21:55:46.865"></status>
</kw>
<status status="PASS" starttime="20200521 21:55:45.854" endtime="20200521 21:55:46.865"></status>
</kw>
<kw name="Scroll" library="recursos">
<arguments>
<arg>0</arg>
<arg>700</arg>
</arguments>
<kw name="Execute Javascript" library="SeleniumLibrary">
<doc>Executes the given JavaScript code with possible arguments.</doc>
<arguments>
<arg>window.scrollTo(${arg1},${arg2})</arg>
</arguments>
<msg timestamp="20200521 21:55:46.865" level="INFO">Executing JavaScript:
window.scrollTo(0,700)
Without any arguments.</msg>
<status status="PASS" starttime="20200521 21:55:46.865" endtime="20200521 21:55:46.989"></status>
</kw>
<status status="PASS" starttime="20200521 21:55:46.865" endtime="20200521 21:55:46.989"></status>
</kw>
<kw name="SLI" library="recursos">
<arguments>
<arg>//select[contains(@class,'form-control ng-untouched ng-pristine ng-invalid')]</arg>
<arg>1</arg>
</arguments>
<kw name="Select From List By Index" library="SeleniumLibrary">
<doc>Selects options from selection list ``locator`` by ``indexes``.</doc>
<arguments>
<arg>${arg1}</arg>
<arg>${arg2}</arg>
</arguments>
<msg timestamp="20200521 21:55:46.989" level="INFO">Selecting options from selection list '//select[contains(@class,'form-control ng-untouched ng-pristine ng-invalid')]' by index 1.</msg>
<status status="PASS" starttime="20200521 21:55:46.989" endtime="20200521 21:55:48.134"></status>
</kw>
<status status="PASS" starttime="20200521 21:55:46.989" endtime="20200521 21:55:48.134"></status>
</kw>
<kw name="Texto" library="recursos">
<arguments>
<arg>//input[contains(@id,'curp')]</arg>
<arg>${curp}</arg>
</arguments>
<kw name="Input Text" library="SeleniumLibrary">
<doc>Types the given ``text`` into the text field identified by ``locator``.</doc>
<arguments>
<arg>xpath=${arg1}</arg>
<arg>${arg2}</arg>
</arguments>
<msg timestamp="20200521 21:55:48.137" level="INFO">Typing text 'PECJ770709HDFRHN09' into text field 'xpath=//input[contains(@id,'curp')]'.</msg>
<status status="PASS" starttime="20200521 21:55:48.136" endtime="20200521 21:55:48.770"></status>
</kw>
<status status="PASS" starttime="20200521 21:55:48.135" endtime="20200521 21:55:48.770"></status>
</kw>
<kw name="Texto" library="recursos">
<arguments>
<arg>//input[contains(@formcontrolname,'rfc')]</arg>
<arg>${rfc}</arg>
</arguments>
<kw name="Input Text" library="SeleniumLibrary">
<doc>Types the given ``text`` into the text field identified by ``locator``.</doc>
<arguments>
<arg>xpath=${arg1}</arg>
<arg>${arg2}</arg>
</arguments>
<msg timestamp="20200521 21:55:48.770" level="INFO">Typing text 'PECJ770709TL9' into text field 'xpath=//input[contains(@formcontrolname,'rfc')]'.</msg>
<status status="PASS" starttime="20200521 21:55:48.770" endtime="20200521 21:55:49.403"></status>
</kw>
<status status="PASS" starttime="20200521 21:55:48.770" endtime="20200521 21:55:49.403"></status>
</kw>
<kw name="Texto" library="recursos">
<arguments>
<arg>//input[contains(@id,'nombre')]</arg>
<arg>${nom}</arg>
</arguments>
<kw name="Input Text" library="SeleniumLibrary">
<doc>Types the given ``text`` into the text field identified by ``locator``.</doc>
<arguments>
<arg>xpath=${arg1}</arg>
<arg>${arg2}</arg>
</arguments>
<msg timestamp="20200521 21:55:49.403" level="INFO">Typing text 'Nombre_2' into text field 'xpath=//input[contains(@id,'nombre')]'.</msg>
<status status="PASS" starttime="20200521 21:55:49.403" endtime="20200521 21:55:50.000"></status>
</kw>
<status status="PASS" starttime="20200521 21:55:49.403" endtime="20200521 21:55:50.000"></status>
</kw>
<kw name="Texto" library="recursos">
<arguments>
<arg>//input[contains(@id,'primerApellido')]</arg>
<arg>${ap}</arg>
</arguments>
<kw name="Input Text" library="SeleniumLibrary">
<doc>Types the given ``text`` into the text field identified by ``locator``.</doc>
<arguments>
<arg>xpath=${arg1}</arg>
<arg>${arg2}</arg>
</arguments>
<msg timestamp="20200521 21:55:50.001" level="INFO">Typing text 'Apd' into text field 'xpath=//input[contains(@id,'primerApellido')]'.</msg>
<status status="PASS" starttime="20200521 21:55:50.001" endtime="20200521 21:55:50.578"></status>
</kw>
<status status="PASS" starttime="20200521 21:55:50.000" endtime="20200521 21:55:50.578"></status>
</kw>
<kw name="Texto" library="recursos">
<arguments>
<arg>//input[contains(@id,'segundoApellido')]</arg>
<arg>${am}</arg>
</arguments>
<kw name="Input Text" library="SeleniumLibrary">
<doc>Types the given ``text`` into the text field identified by ``locator``.</doc>
<arguments>
<arg>xpath=${arg1}</arg>
<arg>${arg2}</arg>
</arguments>
<msg timestamp="20200521 21:55:50.580" level="INFO">Typing text 'Amd' into text field 'xpath=//input[contains(@id,'segundoApellido')]'.</msg>
<status status="PASS" starttime="20200521 21:55:50.579" endtime="20200521 21:55:51.110"></status>
</kw>
<status status="PASS" starttime="20200521 21:55:50.578" endtime="20200521 21:55:51.110"></status>
</kw>
<kw name="Scroll" library="recursos">
<arguments>
<arg>0</arg>
<arg>900</arg>
</arguments>
<kw name="Execute Javascript" library="SeleniumLibrary">
<doc>Executes the given JavaScript code with possible arguments.</doc>
<arguments>
<arg>window.scrollTo(${arg1},${arg2})</arg>
</arguments>
<msg timestamp="20200521 21:55:51.113" level="INFO">Executing JavaScript:
window.scrollTo(0,900)
Without any arguments.</msg>
<status status="PASS" starttime="20200521 21:55:51.112" endtime="20200521 21:55:51.271"></status>
</kw>
<status status="PASS" starttime="20200521 21:55:51.111" endtime="20200521 21:55:51.272"></status>
</kw>
<kw name="Texto" library="recursos">
<arguments>
<arg>//input[contains(@id,'claveLada')]</arg>
<arg>${lada}</arg>
</arguments>
<kw name="Input Text" library="SeleniumLibrary">
<doc>Types the given ``text`` into the text field identified by ``locator``.</doc>
<arguments>
<arg>xpath=${arg1}</arg>
<arg>${arg2}</arg>
</arguments>
<msg timestamp="20200521 21:55:51.274" level="INFO">Typing text '55' into text field 'xpath=//input[contains(@id,'claveLada')]'.</msg>
<status status="PASS" starttime="20200521 21:55:51.273" endtime="20200521 21:55:51.803"></status>
</kw>
<status status="PASS" starttime="20200521 21:55:51.272" endtime="20200521 21:55:51.803"></status>
</kw>
<kw name="Texto" library="recursos">
<arguments>
<arg>//input[contains(@id,'telefono')]</arg>
<arg>${telefono}</arg>
</arguments>
<kw name="Input Text" library="SeleniumLibrary">
<doc>Types the given ``text`` into the text field identified by ``locator``.</doc>
<arguments>
<arg>xpath=${arg1}</arg>
<arg>${arg2}</arg>
</arguments>
<msg timestamp="20200521 21:55:51.806" level="INFO">Typing text '1234568' into text field 'xpath=//input[contains(@id,'telefono')]'.</msg>
<status status="PASS" starttime="20200521 21:55:51.805" endtime="20200521 21:55:52.368"></status>
</kw>
<status status="PASS" starttime="20200521 21:55:51.804" endtime="20200521 21:55:52.369"></status>
</kw>
<kw name="Texto" library="recursos">
<arguments>
<arg>//input[contains(@id,'correoElectronico')]</arg>
<arg>${gmail}</arg>
</arguments>
<kw name="Input Text" library="SeleniumLibrary">
<doc>Types the given ``text`` into the text field identified by ``locator``.</doc>
<arguments>
<arg>xpath=${arg1}</arg>
<arg>${arg2}</arg>
</arguments>
<msg timestamp="20200521 21:55:52.371" level="INFO">Typing text 'demo2@gmail.com' into text field 'xpath=//input[contains(@id,'correoElectronico')]'.</msg>
<status status="PASS" starttime="20200521 21:55:52.370" endtime="20200521 21:55:52.921"></status>
</kw>
<status status="PASS" starttime="20200521 21:55:52.369" endtime="20200521 21:55:52.921"></status>
</kw>
<kw name="Texto" library="recursos">
<arguments>
<arg>//input[contains(@id,'observaciones')]</arg>
<arg>${contenido}</arg>
</arguments>
<kw name="Input Text" library="SeleniumLibrary">
<doc>Types the given ``text`` into the text field identified by ``locator``.</doc>
<arguments>
<arg>xpath=${arg1}</arg>
<arg>${arg2}</arg>
</arguments>
<msg timestamp="20200521 21:55:52.924" level="INFO">Typing text 'Contenidot' into text field 'xpath=//input[contains(@id,'observaciones')]'.</msg>
<status status="PASS" starttime="20200521 21:55:52.923" endtime="20200521 21:55:53.486"></status>
</kw>
<status status="PASS" starttime="20200521 21:55:52.922" endtime="20200521 21:55:53.486"></status>
</kw>
<kw name="Dormir" library="recursos">
<arguments>
<arg>2</arg>
</arguments>
<kw name="Sleep" library="BuiltIn">
<doc>Pauses the test executed for the given time.</doc>
<arguments>
<arg>${arg1}</arg>
</arguments>
<msg timestamp="20200521 21:55:55.492" level="INFO">Slept 2 seconds</msg>
<status status="PASS" starttime="20200521 21:55:53.487" endtime="20200521 21:55:55.492"></status>
</kw>
<status status="PASS" starttime="20200521 21:55:53.487" endtime="20200521 21:55:55.492"></status>
</kw>
<kw name="Go To" library="SeleniumLibrary">
<doc>Navigates the current browser window to the provided ``url``.</doc>
<arguments>
<arg>http://10.16.3.36:8005/inicio</arg>
</arguments>
<msg timestamp="20200521 21:55:55.492" level="INFO">Opening url 'http://10.16.3.36:8005/inicio'</msg>
<status status="PASS" starttime="20200521 21:55:55.492" endtime="20200521 21:55:55.750"></status>
</kw>
<status status="PASS" starttime="20200521 21:55:25.996" endtime="20200521 21:55:55.750"></status>
</kw>
<kw name="${i} = 3" type="foritem">
<kw name="Leer celda" library="recursos">
<arguments>
<arg>Hoja1</arg>
<arg>${i}</arg>
<arg>1</arg>
</arguments>
<assign>
<var>${combo}</var>
</assign>
<kw name="Cell Data" library="ReadData">
<arguments>
<arg>${hoja}</arg>
<arg>${fila}</arg>
<arg>${celda}</arg>
</arguments>
<assign>
<var>${celldata}</var>
</assign>
<msg timestamp="20200521 21:55:55.752" level="INFO">${celldata} = 3</msg>
<status status="PASS" starttime="20200521 21:55:55.751" endtime="20200521 21:55:55.752"></status>
</kw>
<msg timestamp="20200521 21:55:55.752" level="INFO">${combo} = 3</msg>
<status status="PASS" starttime="20200521 21:55:55.750" endtime="20200521 21:55:55.752"></status>
</kw>
<kw name="Leer celda" library="recursos">
<arguments>
<arg>Hoja1</arg>
<arg>${i}</arg>
<arg>2</arg>
</arguments>
<assign>
<var>${calendario}</var>
</assign>
<kw name="Cell Data" library="ReadData">
<arguments>
<arg>${hoja}</arg>
<arg>${fila}</arg>
<arg>${celda}</arg>
</arguments>
<assign>
<var>${celldata}</var>
</assign>
<msg timestamp="20200521 21:55:55.754" level="INFO">${celldata} = 29</msg>
<status status="PASS" starttime="20200521 21:55:55.753" endtime="20200521 21:55:55.754"></status>
</kw>
<msg timestamp="20200521 21:55:55.754" level="INFO">${calendario} = 29</msg>
<status status="PASS" starttime="20200521 21:55:55.753" endtime="20200521 21:55:55.754"></status>
</kw>
<kw name="Leer celda" library="recursos">
<arguments>
<arg>Hoja1</arg>
<arg>${i}</arg>
<arg>3</arg>
</arguments>
<assign>
<var>${horario}</var>
</assign>
<kw name="Cell Data" library="ReadData">
<arguments>
<arg>${hoja}</arg>
<arg>${fila}</arg>
<arg>${celda}</arg>
</arguments>
<assign>
<var>${celldata}</var>
</assign>
<msg timestamp="20200521 21:55:55.755" level="INFO">${celldata} = 5</msg>
<status status="PASS" starttime="20200521 21:55:55.755" endtime="20200521 21:55:55.755"></status>
</kw>
<msg timestamp="20200521 21:55:55.755" level="INFO">${horario} = 5</msg>
<status status="PASS" starttime="20200521 21:55:55.754" endtime="20200521 21:55:55.755"></status>
</kw>
<kw name="Leer celda" library="recursos">
<arguments>
<arg>Hoja1</arg>
<arg>${i}</arg>
<arg>4</arg>
</arguments>
<assign>
<var>${fiscal}</var>
</assign>
<kw name="Cell Data" library="ReadData">
<arguments>
<arg>${hoja}</arg>
<arg>${fila}</arg>
<arg>${celda}</arg>
</arguments>
<assign>
<var>${celldata}</var>
</assign>
<msg timestamp="20200521 21:55:55.756" level="INFO">${celldata} = 1</msg>
<status status="PASS" starttime="20200521 21:55:55.755" endtime="20200521 21:55:55.756"></status>
</kw>
<msg timestamp="20200521 21:55:55.756" level="INFO">${fiscal} = 1</msg>
<status status="PASS" starttime="20200521 21:55:55.755" endtime="20200521 21:55:55.756"></status>
</kw>
<kw name="Leer celda" library="recursos">
<arguments>
<arg>Hoja1</arg>
<arg>${i}</arg>
<arg>5</arg>
</arguments>
<assign>
<var>${curp}</var>
</assign>
<kw name="Cell Data" library="ReadData">
<arguments>
<arg>${hoja}</arg>
<arg>${fila}</arg>
<arg>${celda}</arg>
</arguments>
<assign>
<var>${celldata}</var>
</assign>
<msg timestamp="20200521 21:55:55.757" level="INFO">${celldata} = PECJ770709HDFRHN09</msg>
<status status="PASS" starttime="20200521 21:55:55.757" endtime="20200521 21:55:55.757"></status>
</kw>
<msg timestamp="20200521 21:55:55.757" level="INFO">${curp} = PECJ770709HDFRHN09</msg>
<status status="PASS" starttime="20200521 21:55:55.756" endtime="20200521 21:55:55.757"></status>
</kw>
<kw name="Leer celda" library="recursos">
<arguments>
<arg>Hoja1</arg>
<arg>${i}</arg>
<arg>6</arg>
</arguments>
<assign>
<var>${rfc}</var>
</assign>
<kw name="Cell Data" library="ReadData">
<arguments>
<arg>${hoja}</arg>
<arg>${fila}</arg>
<arg>${celda}</arg>
</arguments>
<assign>
<var>${celldata}</var>
</assign>
<msg timestamp="20200521 21:55:55.758" level="INFO">${celldata} = PECJ770709TL9</msg>
<status status="PASS" starttime="20200521 21:55:55.758" endtime="20200521 21:55:55.758"></status>
</kw>
<msg timestamp="20200521 21:55:55.758" level="INFO">${rfc} = PECJ770709TL9</msg>
<status status="PASS" starttime="20200521 21:55:55.757" endtime="20200521 21:55:55.758"></status>
</kw>
<kw name="Leer celda" library="recursos">
<arguments>
<arg>Hoja1</arg>
<arg>${i}</arg>
<arg>7</arg>
</arguments>
<assign>
<var>${nom}</var>
</assign>
<kw name="Cell Data" library="ReadData">
<arguments>
<arg>${hoja}</arg>
<arg>${fila}</arg>
<arg>${celda}</arg>
</arguments>
<assign>
<var>${celldata}</var>
</assign>
<msg timestamp="20200521 21:55:55.759" level="INFO">${celldata} = Nombre_3</msg>
<status status="PASS" starttime="20200521 21:55:55.759" endtime="20200521 21:55:55.759"></status>
</kw>
<msg timestamp="20200521 21:55:55.759" level="INFO">${nom} = Nombre_3</msg>
<status status="PASS" starttime="20200521 21:55:55.758" endtime="20200521 21:55:55.759"></status>
</kw>
<kw name="Leer celda" library="recursos">
<arguments>
<arg>Hoja1</arg>
<arg>${i}</arg>
<arg>8</arg>
</arguments>
<assign>
<var>${ap}</var>
</assign>
<kw name="Cell Data" library="ReadData">
<arguments>
<arg>${hoja}</arg>
<arg>${fila}</arg>
<arg>${celda}</arg>
</arguments>
<assign>
<var>${celldata}</var>
</assign>
<msg timestamp="20200521 21:55:55.760" level="INFO">${celldata} = Apt</msg>
<status status="PASS" starttime="20200521 21:55:55.759" endtime="20200521 21:55:55.760"></status>
</kw>
<msg timestamp="20200521 21:55:55.760" level="INFO">${ap} = Apt</msg>
<status status="PASS" starttime="20200521 21:55:55.759" endtime="20200521 21:55:55.760"></status>
</kw>
<kw name="Leer celda" library="recursos">
<arguments>
<arg>Hoja1</arg>
<arg>${i}</arg>
<arg>9</arg>
</arguments>
<assign>
<var>${am}</var>
</assign>
<kw name="Cell Data" library="ReadData">
<arguments>
<arg>${hoja}</arg>
<arg>${fila}</arg>
<arg>${celda}</arg>
</arguments>
<assign>
<var>${celldata}</var>
</assign>
<msg timestamp="20200521 21:55:55.761" level="INFO">${celldata} = Amy</msg>
<status status="PASS" starttime="20200521 21:55:55.760" endtime="20200521 21:55:55.761"></status>
</kw>
<msg timestamp="20200521 21:55:55.761" level="INFO">${am} = Amy</msg>
<status status="PASS" starttime="20200521 21:55:55.760" endtime="20200521 21:55:55.761"></status>
</kw>
<kw name="Leer celda" library="recursos">
<arguments>
<arg>Hoja1</arg>
<arg>${i}</arg>
<arg>10</arg>
</arguments>
<assign>
<var>${lada}</var>
</assign>
<kw name="Cell Data" library="ReadData">
<arguments>
<arg>${hoja}</arg>
<arg>${fila}</arg>
<arg>${celda}</arg>
</arguments>
<assign>
<var>${celldata}</var>
</assign>
<msg timestamp="20200521 21:55:55.761" level="INFO">${celldata} = 55</msg>
<status status="PASS" starttime="20200521 21:55:55.761" endtime="20200521 21:55:55.761"></status>
</kw>
<msg timestamp="20200521 21:55:55.762" level="INFO">${lada} = 55</msg>
<status status="PASS" starttime="20200521 21:55:55.761" endtime="20200521 21:55:55.762"></status>
</kw>
<kw name="Leer celda" library="recursos">
<arguments>
<arg>Hoja1</arg>
<arg>${i}</arg>
<arg>11</arg>
</arguments>
<assign>
<var>${telefono}</var>
</assign>
<kw name="Cell Data" library="ReadData">
<arguments>
<arg>${hoja}</arg>
<arg>${fila}</arg>
<arg>${celda}</arg>
</arguments>
<assign>
<var>${celldata}</var>
</assign>
<msg timestamp="20200521 21:55:55.762" level="INFO">${celldata} = 1234569</msg>
<status status="PASS" starttime="20200521 21:55:55.762" endtime="20200521 21:55:55.762"></status>
</kw>
<msg timestamp="20200521 21:55:55.762" level="INFO">${telefono} = 1234569</msg>
<status status="PASS" starttime="20200521 21:55:55.762" endtime="20200521 21:55:55.762"></status>
</kw>
<kw name="Leer celda" library="recursos">
<arguments>
<arg>Hoja1</arg>
<arg>${i}</arg>
<arg>12</arg>
</arguments>
<assign>
<var>${gmail}</var>
</assign>
<kw name="Cell Data" library="ReadData">
<arguments>
<arg>${hoja}</arg>
<arg>${fila}</arg>
<arg>${celda}</arg>
</arguments>
<assign>
<var>${celldata}</var>
</assign>
<msg timestamp="20200521 21:55:55.763" level="INFO">${celldata} = demo3@gmail.com</msg>
<status status="PASS" starttime="20200521 21:55:55.763" endtime="20200521 21:55:55.763"></status>
</kw>
<msg timestamp="20200521 21:55:55.763" level="INFO">${gmail} = demo3@gmail.com</msg>
<status status="PASS" starttime="20200521 21:55:55.763" endtime="20200521 21:55:55.763"></status>
</kw>
<kw name="Leer celda" library="recursos">
<arguments>
<arg>Hoja1</arg>
<arg>${i}</arg>
<arg>13</arg>
</arguments>
<assign>
<var>${contenido}</var>
</assign>
<kw name="Cell Data" library="ReadData">
<arguments>
<arg>${hoja}</arg>
<arg>${fila}</arg>
<arg>${celda}</arg>
</arguments>
<assign>
<var>${celldata}</var>
</assign>
<msg timestamp="20200521 21:55:55.764" level="INFO">${celldata} = Contenidou</msg>
<status status="PASS" starttime="20200521 21:55:55.764" endtime="20200521 21:55:55.764"></status>
</kw>
<msg timestamp="20200521 21:55:55.764" level="INFO">${contenido} = Contenidou</msg>
<status status="PASS" starttime="20200521 21:55:55.763" endtime="20200521 21:55:55.764"></status>
</kw>
<kw name="Scroll" library="recursos">
<arguments>
<arg>0</arg>
<arg>400</arg>
</arguments>
<kw name="Execute Javascript" library="SeleniumLibrary">
<doc>Executes the given JavaScript code with possible arguments.</doc>
<arguments>
<arg>window.scrollTo(${arg1},${arg2})</arg>
</arguments>
<msg timestamp="20200521 21:55:55.765" level="INFO">Executing JavaScript:
window.scrollTo(0,400)
Without any arguments.</msg>
<status status="PASS" starttime="20200521 21:55:55.765" endtime="20200521 21:55:55.873"></status>
</kw>
<status status="PASS" starttime="20200521 21:55:55.764" endtime="20200521 21:55:55.873"></status>
</kw>
<kw name="Click" library="recursos">
<arguments>
<arg>//div[@class='placeholder'][contains(.,'Selecciona una opción...')]</arg>
</arguments>
<kw name="Click Element" library="SeleniumLibrary">
<doc>Click the element identified by ``locator``.</doc>
<arguments>
<arg>xpath=${arg1}</arg>
</arguments>
<msg timestamp="20200521 21:55:55.874" level="INFO">Clicking element 'xpath=//div[@class='placeholder'][contains(.,'Selecciona una opción...')]'.</msg>
<status status="PASS" starttime="20200521 21:55:55.873" endtime="20200521 21:55:56.215"></status>
</kw>
<status status="PASS" starttime="20200521 21:55:55.873" endtime="20200521 21:55:56.215"></status>
</kw>
<kw name="Dormir" library="recursos">
<arguments>
<arg>4</arg>
</arguments>
<kw name="Sleep" library="BuiltIn">
<doc>Pauses the test executed for the given time.</doc>
<arguments>
<arg>${arg1}</arg>
</arguments>
<msg timestamp="20200521 21:56:00.218" level="INFO">Slept 4 seconds</msg>
<status status="PASS" starttime="20200521 21:55:56.215" endtime="20200521 21:56:00.218"></status>
</kw>
<status status="PASS" starttime="20200521 21:55:56.215" endtime="20200521 21:56:00.218"></status>
</kw>
<kw name="Click" library="recursos">
<arguments>
<arg>/html/body/app-root/app-inicio/main/div/form/div[2]/div/div/ng-select/select-dropdown/div/div[2]/ul/li[${combo}]/span</arg>
</arguments>
<kw name="Click Element" library="SeleniumLibrary">
<doc>Click the element identified by ``locator``.</doc>
<arguments>
<arg>xpath=${arg1}</arg>
</arguments>
<msg timestamp="20200521 21:56:00.219" level="INFO">Clicking element 'xpath=/html/body/app-root/app-inicio/main/div/form/div[2]/div/div/ng-select/select-dropdown/div/div[2]/ul/li[3]/span'.</msg>
<status status="PASS" starttime="20200521 21:56:00.219" endtime="20200521 21:56:00.502"></status>
</kw>
<status status="PASS" starttime="20200521 21:56:00.218" endtime="20200521 21:56:00.502"></status>
</kw>
<kw name="Dormir" library="recursos">
<arguments>
<arg>2</arg>
</arguments>
<kw name="Sleep" library="BuiltIn">
<doc>Pauses the test executed for the given time.</doc>
<arguments>
<arg>${arg1}</arg>
</arguments>
<msg timestamp="20200521 21:56:02.504" level="INFO">Slept 2 seconds</msg>
<status status="PASS" starttime="20200521 21:56:00.502" endtime="20200521 21:56:02.504"></status>
</kw>
<status status="PASS" starttime="20200521 21:56:00.502" endtime="20200521 21:56:02.504"></status>
</kw>
<kw name="Click" library="recursos">
<arguments>
<arg>//button[@class='btn btn-primary'][contains(.,'Siguiente')]</arg>
</arguments>
<kw name="Click Element" library="SeleniumLibrary">
<doc>Click the element identified by ``locator``.</doc>
<arguments>
<arg>xpath=${arg1}</arg>
</arguments>
<msg timestamp="20200521 21:56:02.506" level="INFO">Clicking element 'xpath=//button[@class='btn btn-primary'][contains(.,'Siguiente')]'.</msg>
<status status="PASS" starttime="20200521 21:56:02.505" endtime="20200521 21:56:02.811"></status>
</kw>
<status status="PASS" starttime="20200521 21:56:02.505" endtime="20200521 21:56:02.811"></status>
</kw>
<kw name="Scroll" library="recursos">
<arguments>
<arg>0</arg>
<arg>700</arg>
</arguments>
<kw name="Execute Javascript" library="SeleniumLibrary">
<doc>Executes the given JavaScript code with possible arguments.</doc>
<arguments>
<arg>window.scrollTo(${arg1},${arg2})</arg>
</arguments>
<msg timestamp="20200521 21:56:02.812" level="INFO">Executing JavaScript:
window.scrollTo(0,700)
Without any arguments.</msg>
<status status="PASS" starttime="20200521 21:56:02.811" endtime="20200521 21:56:02.919"></status>
</kw>
<status status="PASS" starttime="20200521 21:56:02.811" endtime="20200521 21:56:02.919"></status>
</kw>
<kw name="Dormir" library="recursos">
<arguments>
<arg>4</arg>
</arguments>
<kw name="Sleep" library="BuiltIn">
<doc>Pauses the test executed for the given time.</doc>
<arguments>
<arg>${arg1}</arg>
</arguments>
<msg timestamp="20200521 21:56:06.922" level="INFO">Slept 4 seconds</msg>
<status status="PASS" starttime="20200521 21:56:02.919" endtime="20200521 21:56:06.922"></status>
</kw>
<status status="PASS" starttime="20200521 21:56:02.919" endtime="20200521 21:56:06.923"></status>
</kw>
<kw name="Click" library="recursos">
<arguments>
<arg>//span[contains(.,'${calendario}')]</arg>
</arguments>
<kw name="Click Element" library="SeleniumLibrary">
<doc>Click the element identified by ``locator``.</doc>
<arguments>
<arg>xpath=${arg1}</arg>
</arguments>
<msg timestamp="20200521 21:56:06.925" level="INFO">Clicking element 'xpath=//span[contains(.,'29')]'.</msg>
<status status="PASS" starttime="20200521 21:56:06.924" endtime="20200521 21:56:07.283"></status>
</kw>
<status status="PASS" starttime="20200521 21:56:06.923" endtime="20200521 21:56:07.284"></status>
</kw>
<kw name="Dormir" library="recursos">
<arguments>
<arg>4</arg>
</arguments>
<kw name="Sleep" library="BuiltIn">
<doc>Pauses the test executed for the given time.</doc>
<arguments>
<arg>${arg1}</arg>
</arguments>
<msg timestamp="20200521 21:56:11.302" level="INFO">Slept 4 seconds</msg>
<status status="PASS" starttime="20200521 21:56:07.285" endtime="20200521 21:56:11.302"></status>
</kw>
<status status="PASS" starttime="20200521 21:56:07.284" endtime="20200521 21:56:11.302"></status>
</kw>
<kw name="SLI" library="recursos">
<arguments>
<arg>//select[contains(@id,'seccion')]</arg>
<arg>3</arg>
</arguments>
<kw name="Select From List By Index" library="SeleniumLibrary">
<doc>Selects options from selection list ``locator`` by ``indexes``.</doc>
<arguments>
<arg>${arg1}</arg>
<arg>${arg2}</arg>
</arguments>
<msg timestamp="20200521 21:56:11.302" level="INFO">Selecting options from selection list '//select[contains(@id,'seccion')]' by index 3.</msg>
<status status="PASS" starttime="20200521 21:56:11.302" endtime="20200521 21:56:12.730"></status>
</kw>
<status status="PASS" starttime="20200521 21:56:11.302" endtime="20200521 21:56:12.730"></status>
</kw>
<kw name="Dormir" library="recursos">
<arguments>
<arg>2</arg>
</arguments>
<kw name="Sleep" library="BuiltIn">
<doc>Pauses the test executed for the given time.</doc>
<arguments>
<arg>${arg1}</arg>
</arguments>
<msg timestamp="20200521 21:56:14.738" level="INFO">Slept 2 seconds</msg>
<status status="PASS" starttime="20200521 21:56:12.732" endtime="20200521 21:56:14.738"></status>
</kw>
<status status="PASS" starttime="20200521 21:56:12.730" endtime="20200521 21:56:14.738"></status>
</kw>
<kw name="Click" library="recursos">
<arguments>
<arg>//button[@class='btn btn-primary'][contains(.,'Aceptar')]</arg>
</arguments>
<kw name="Click Element" library="SeleniumLibrary">
<doc>Click the element identified by ``locator``.</doc>
<arguments>
<arg>xpath=${arg1}</arg>
</arguments>
<msg timestamp="20200521 21:56:14.738" level="INFO">Clicking element 'xpath=//button[@class='btn btn-primary'][contains(.,'Aceptar')]'.</msg>
<status status="PASS" starttime="20200521 21:56:14.738" endtime="20200521 21:56:15.068"></status>
</kw>
<status status="PASS" starttime="20200521 21:56:14.738" endtime="20200521 21:56:15.068"></status>
</kw>
<kw name="Click" library="recursos">
<arguments>
<arg>//button[@class='btn btn-primary'][contains(.,'Siguiente')]</arg>
</arguments>
<kw name="Click Element" library="SeleniumLibrary">
<doc>Click the element identified by ``locator``.</doc>
<arguments>
<arg>xpath=${arg1}</arg>
</arguments>
<msg timestamp="20200521 21:56:15.070" level="INFO">Clicking element 'xpath=//button[@class='btn btn-primary'][contains(.,'Siguiente')]'.</msg>
<status status="PASS" starttime="20200521 21:56:15.070" endtime="20200521 21:56:15.490"></status>
</kw>
<status status="PASS" starttime="20200521 21:56:15.068" endtime="20200521 21:56:15.490"></status>
</kw>
<kw name="Dormir" library="recursos">
<arguments>
<arg>1</arg>
</arguments>
<kw name="Sleep" library="BuiltIn">
<doc>Pauses the test executed for the given time.</doc>
<arguments>
<arg>${arg1}</arg>
</arguments>
<msg timestamp="20200521 21:56:16.492" level="INFO">Slept 1 second</msg>
<status status="PASS" starttime="20200521 21:56:15.491" endtime="20200521 21:56:16.492"></status>
</kw>
<status status="PASS" starttime="20200521 21:56:15.490" endtime="20200521 21:56:16.492"></status>
</kw>
<kw name="Scroll" library="recursos">
<arguments>
<arg>0</arg>
<arg>700</arg>
</arguments>
<kw name="Execute Javascript" library="SeleniumLibrary">
<doc>Executes the given JavaScript code with possible arguments.</doc>
<arguments>
<arg>window.scrollTo(${arg1},${arg2})</arg>
</arguments>
<msg timestamp="20200521 21:56:16.496" level="INFO">Executing JavaScript:
window.scrollTo(0,700)
Without any arguments.</msg>
<status status="PASS" starttime="20200521 21:56:16.492" endtime="20200521 21:56:16.612"></status>
</kw>
<status status="PASS" starttime="20200521 21:56:16.492" endtime="20200521 21:56:16.612"></status>
</kw>
<kw name="SLI" library="recursos">
<arguments>
<arg>//select[contains(@class,'form-control ng-untouched ng-pristine ng-invalid')]</arg>
<arg>1</arg>
</arguments>
<kw name="Select From List By Index" library="SeleniumLibrary">
<doc>Selects options from selection list ``locator`` by ``indexes``.</doc>
<arguments>
<arg>${arg1}</arg>
<arg>${arg2}</arg>
</arguments>
<msg timestamp="20200521 21:56:16.612" level="INFO">Selecting options from selection list '//select[contains(@class,'form-control ng-untouched ng-pristine ng-invalid')]' by index 1.</msg>
<status status="PASS" starttime="20200521 21:56:16.612" endtime="20200521 21:56:17.730"></status>
</kw>
<status status="PASS" starttime="20200521 21:56:16.612" endtime="20200521 21:56:17.730"></status>
</kw>
<kw name="Texto" library="recursos">
<arguments>
<arg>//input[contains(@id,'curp')]</arg>
<arg>${curp}</arg>
</arguments>
<kw name="Input Text" library="SeleniumLibrary">
<doc>Types the given ``text`` into the text field identified by ``locator``.</doc>
<arguments>
<arg>xpath=${arg1}</arg>
<arg>${arg2}</arg>
</arguments>
<msg timestamp="20200521 21:56:17.731" level="INFO">Typing text 'PECJ770709HDFRHN09' into text field 'xpath=//input[contains(@id,'curp')]'.</msg>
<status status="PASS" starttime="20200521 21:56:17.731" endtime="20200521 21:56:18.316"></status>
</kw>
<status status="PASS" starttime="20200521 21:56:17.730" endtime="20200521 21:56:18.316"></status>
</kw>
<kw name="Texto" library="recursos">
<arguments>
<arg>//input[contains(@formcontrolname,'rfc')]</arg>
<arg>${rfc}</arg>
</arguments>
<kw name="Input Text" library="SeleniumLibrary">
<doc>Types the given ``text`` into the text field identified by ``locator``.</doc>
<arguments>
<arg>xpath=${arg1}</arg>
<arg>${arg2}</arg>
</arguments>
<msg timestamp="20200521 21:56:18.316" level="INFO">Typing text 'PECJ770709TL9' into text field 'xpath=//input[contains(@formcontrolname,'rfc')]'.</msg>
<status status="PASS" starttime="20200521 21:56:18.316" endtime="20200521 21:56:18.928"></status>
</kw>
<status status="PASS" starttime="20200521 21:56:18.316" endtime="20200521 21:56:18.928"></status>
</kw>
<kw name="Texto" library="recursos">
<arguments>
<arg>//input[contains(@id,'nombre')]</arg>
<arg>${nom}</arg>
</arguments>
<kw name="Input Text" library="SeleniumLibrary">
<doc>Types the given ``text`` into the text field identified by ``locator``.</doc>
<arguments>
<arg>xpath=${arg1}</arg>
<arg>${arg2}</arg>
</arguments>
<msg timestamp="20200521 21:56:18.928" level="INFO">Typing text 'Nombre_3' into text field 'xpath=//input[contains(@id,'nombre')]'.</msg>
<status status="PASS" starttime="20200521 21:56:18.928" endtime="20200521 21:56:19.535"></status>
</kw>
<status status="PASS" starttime="20200521 21:56:18.928" endtime="20200521 21:56:19.535"></status>
</kw>
<kw name="Texto" library="recursos">
<arguments>
<arg>//input[contains(@id,'primerApellido')]</arg>
<arg>${ap}</arg>
</arguments>
<kw name="Input Text" library="SeleniumLibrary">
<doc>Types the given ``text`` into the text field identified by ``locator``.</doc>
<arguments>
<arg>xpath=${arg1}</arg>
<arg>${arg2}</arg>
</arguments>
<msg timestamp="20200521 21:56:19.536" level="INFO">Typing text 'Apt' into text field 'xpath=//input[contains(@id,'primerApellido')]'.</msg>
<status status="PASS" starttime="20200521 21:56:19.536" endtime="20200521 21:56:20.049"></status>
</kw>
<status status="PASS" starttime="20200521 21:56:19.535" endtime="20200521 21:56:20.050"></status>
</kw>
<kw name="Texto" library="recursos">
<arguments>
<arg>//input[contains(@id,'segundoApellido')]</arg>
<arg>${am}</arg>
</arguments>
<kw name="Input Text" library="SeleniumLibrary">
<doc>Types the given ``text`` into the text field identified by ``locator``.</doc>
<arguments>
<arg>xpath=${arg1}</arg>
<arg>${arg2}</arg>
</arguments>
<msg timestamp="20200521 21:56:20.052" level="INFO">Typing text 'Amy' into text field 'xpath=//input[contains(@id,'segundoApellido')]'.</msg>
<status status="PASS" starttime="20200521 21:56:20.051" endtime="20200521 21:56:20.599"></status>
</kw>
<status status="PASS" starttime="20200521 21:56:20.050" endtime="20200521 21:56:20.599"></status>
</kw>
<kw name="Scroll" library="recursos">
<arguments>
<arg>0</arg>
<arg>900</arg>
</arguments>
<kw name="Execute Javascript" library="SeleniumLibrary">
<doc>Executes the given JavaScript code with possible arguments.</doc>
<arguments>
<arg>window.scrollTo(${arg1},${arg2})</arg>
</arguments>
<msg timestamp="20200521 21:56:20.601" level="INFO">Executing JavaScript:
window.scrollTo(0,900)
Without any arguments.</msg>
<status status="PASS" starttime="20200521 21:56:20.600" endtime="20200521 21:56:20.722"></status>
</kw>
<status status="PASS" starttime="20200521 21:56:20.599" endtime="20200521 21:56:20.722"></status>
</kw>
<kw name="Texto" library="recursos">
<arguments>
<arg>//input[contains(@id,'claveLada')]</arg>
<arg>${lada}</arg>
</arguments>
<kw name="Input Text" library="SeleniumLibrary">
<doc>Types the given ``text`` into the text field identified by ``locator``.</doc>
<arguments>
<arg>xpath=${arg1}</arg>
<arg>${arg2}</arg>
</arguments>
<msg timestamp="20200521 21:56:20.722" level="INFO">Typing text '55' into text field 'xpath=//input[contains(@id,'claveLada')]'.</msg>
<status status="PASS" starttime="20200521 21:56:20.722" endtime="20200521 21:56:21.218"></status>
</kw>
<status status="PASS" starttime="20200521 21:56:20.722" endtime="20200521 21:56:21.219"></status>
</kw>
<kw name="Texto" library="recursos">
<arguments>
<arg>//input[contains(@id,'telefono')]</arg>
<arg>${telefono}</arg>
</arguments>
<kw name="Input Text" library="SeleniumLibrary">
<doc>Types the given ``text`` into the text field identified by ``locator``.</doc>
<arguments>
<arg>xpath=${arg1}</arg>
<arg>${arg2}</arg>
</arguments>
<msg timestamp="20200521 21:56:21.221" level="INFO">Typing text '1234569' into text field 'xpath=//input[contains(@id,'telefono')]'.</msg>
<status status="PASS" starttime="20200521 21:56:21.221" endtime="20200521 21:56:21.771"></status>
</kw>
<status status="PASS" starttime="20200521 21:56:21.219" endtime="20200521 21:56:21.771"></status>
</kw>
<kw name="Texto" library="recursos">
<arguments>
<arg>//input[contains(@id,'correoElectronico')]</arg>
<arg>${gmail}</arg>
</arguments>
<kw name="Input Text" library="SeleniumLibrary">
<doc>Types the given ``text`` into the text field identified by ``locator``.</doc>
<arguments>
<arg>xpath=${arg1}</arg>
<arg>${arg2}</arg>
</arguments>
<msg timestamp="20200521 21:56:21.774" level="INFO">Typing text 'demo3@gmail.com' into text field 'xpath=//input[contains(@id,'correoElectronico')]'.</msg>
<status status="PASS" starttime="20200521 21:56:21.773" endtime="20200521 21:56:22.372"></status>
</kw>
<status status="PASS" starttime="20200521 21:56:21.772" endtime="20200521 21:56:22.372"></status>
</kw>
<kw name="Texto" library="recursos">
<arguments>
<arg>//input[contains(@id,'observaciones')]</arg>
<arg>${contenido}</arg>
</arguments>
<kw name="Input Text" library="SeleniumLibrary">
<doc>Types the given ``text`` into the text field identified by ``locator``.</doc>
<arguments>
<arg>xpath=${arg1}</arg>
<arg>${arg2}</arg>
</arguments>
<msg timestamp="20200521 21:56:22.375" level="INFO">Typing text 'Contenidou' into text field 'xpath=//input[contains(@id,'observaciones')]'.</msg>
<status status="PASS" starttime="20200521 21:56:22.374" endtime="20200521 21:56:22.942"></status>
</kw>
<status status="PASS" starttime="20200521 21:56:22.373" endtime="20200521 21:56:22.942"></status>
</kw>
<kw name="Dormir" library="recursos">
<arguments>
<arg>2</arg>
</arguments>
<kw name="Sleep" library="BuiltIn">
<doc>Pauses the test executed for the given time.</doc>
<arguments>
<arg>${arg1}</arg>
</arguments>
<msg timestamp="20200521 21:56:24.946" level="INFO">Slept 2 seconds</msg>
<status status="PASS" starttime="20200521 21:56:22.944" endtime="20200521 21:56:24.946"></status>
</kw>
<status status="PASS" starttime="20200521 21:56:22.943" endtime="20200521 21:56:24.947"></status>
</kw>
<kw name="Go To" library="SeleniumLibrary">
<doc>Navigates the current browser window to the provided ``url``.</doc>
<arguments>
<arg>http://10.16.3.36:8005/inicio</arg>
</arguments>
<msg timestamp="20200521 21:56:24.948" level="INFO">Opening url 'http://10.16.3.36:8005/inicio'</msg>
<status status="PASS" starttime="20200521 21:56:24.947" endtime="20200521 21:56:25.239"></status>
</kw>
<status status="PASS" starttime="20200521 21:55:55.750" endtime="20200521 21:56:25.239"></status>
</kw>
<status status="PASS" starttime="20200521 21:54:56.257" endtime="20200521 21:56:25.239"></status>
</kw>
<status status="PASS" starttime="20200521 21:54:56.257" endtime="20200521 21:56:25.239"></status>
</kw>
<doc>TEST CITAS 001 (HAPPY PATH EXCEL)</doc>
<tags>
<tag>cit01</tag>
</tags>
<status status="PASS" starttime="20200521 21:54:24.027" endtime="20200521 21:56:25.240" critical="yes"></status>
</test>
<doc>Casos de Prueba Proyecto SSJAE</doc>
<status status="PASS" starttime="20200521 21:54:22.414" endtime="20200521 21:56:25.242"></status>
</suite>
<statistics>
<total>
<stat pass="1" fail="0">Critical Tests</stat>
<stat pass="1" fail="0">All Tests</stat>
</total>
<tag>
<stat pass="1" fail="0">cit01</stat>
</tag>
<suite>
<stat pass="1" fail="0" id="s1" name="Citas">Citas</stat>
</suite>
</statistics>
<errors>
</errors>
</robot>
